<?xml version="1.0" encoding="UTF-8"?>
<testsuite name="도서 도메인 통합 테스트" tests="30" skipped="1" failures="0" errors="0" timestamp="2025-07-08T06:56:21" hostname="deviantces-Mac-mini.local" time="0.715">
  <properties/>
  <testcase name="대여 불가능한 도서 대여 시도 API 테스트" classname="com.library.book.BookIntegrationTest" time="0.409"/>
  <testcase name="데이터 유효성 검증 테스트" classname="com.library.book.BookIntegrationTest" time="0.009"/>
  <testcase name="동시성 테스트 - 동시 대여 시도" classname="com.library.book.BookIntegrationTest" time="0.001">
    <skipped/>
  </testcase>
  <testcase name="잘못된 데이터로 도서 등록 API 테스트" classname="com.library.book.BookIntegrationTest" time="0.052"/>
  <testcase name="도서 저자로 검색 API 테스트" classname="com.library.book.BookIntegrationTest" time="0.045"/>
  <testcase name="존재하지 않는 도서관에 도서 등록 API 테스트" classname="com.library.book.BookIntegrationTest" time="0.005"/>
  <testcase name="도서관별 대여 가능한 도서 수 통계 API 테스트" classname="com.library.book.BookIntegrationTest" time="0.008"/>
  <testcase name="카테고리별 통계 API 테스트" classname="com.library.book.BookIntegrationTest" time="0.012"/>
  <testcase name="도서관별 도서 조회 API 테스트" classname="com.library.book.BookIntegrationTest" time="0.014"/>
  <testcase name="모든 도서 조회 API 테스트" classname="com.library.book.BookIntegrationTest" time="0.017"/>
  <testcase name="존재하지 않는 도서 조회 API 테스트" classname="com.library.book.BookIntegrationTest" time="0.004"/>
  <testcase name="도서 정보 수정 API 테스트" classname="com.library.book.BookIntegrationTest" time="0.011"/>
  <testcase name="모든 카테고리 조회 API 테스트" classname="com.library.book.BookIntegrationTest" time="0.005"/>
  <testcase name="도서 ID로 조회 API 테스트" classname="com.library.book.BookIntegrationTest" time="0.005"/>
  <testcase name="표준 카테고리 조회 API 테스트" classname="com.library.book.BookIntegrationTest" time="0.003"/>
  <testcase name="도서 카테고리로 검색 API 테스트" classname="com.library.book.BookIntegrationTest" time="0.012"/>
  <testcase name="인기 카테고리 조회 API 테스트" classname="com.library.book.BookIntegrationTest" time="0.004"/>
  <testcase name="API 응답 구조 검증 테스트" classname="com.library.book.BookIntegrationTest" time="0.009"/>
  <testcase name="도서관별 카테고리 통계 API 테스트" classname="com.library.book.BookIntegrationTest" time="0.006"/>
  <testcase name="카테고리 제안 API 테스트" classname="com.library.book.BookIntegrationTest" time="0.003"/>
  <testcase name="도서관별 대여 가능한 도서 조회 API 테스트" classname="com.library.book.BookIntegrationTest" time="0.006"/>
  <testcase name="복합 검색 조건 API 테스트" classname="com.library.book.BookIntegrationTest" time="0.007"/>
  <testcase name="도서 반납 API 테스트" classname="com.library.book.BookIntegrationTest" time="0.007"/>
  <testcase name="도서 등록 API 테스트" classname="com.library.book.BookIntegrationTest" time="0.015"/>
  <testcase name="도서관별 총 도서 수 통계 API 테스트" classname="com.library.book.BookIntegrationTest" time="0.005"/>
  <testcase name="도서 대여 API 테스트" classname="com.library.book.BookIntegrationTest" time="0.007"/>
  <testcase name="성능 테스트 - 대량 도서 조회" classname="com.library.book.BookIntegrationTest" time="0.008"/>
  <testcase name="도서 삭제 API 테스트" classname="com.library.book.BookIntegrationTest" time="0.009"/>
  <testcase name="도서 제목으로 검색 API 테스트" classname="com.library.book.BookIntegrationTest" time="0.005"/>
  <testcase name="대여 가능한 도서 조회 API 테스트" classname="com.library.book.BookIntegrationTest" time="0.008"/>
  <system-out><![CDATA[15:56:18.929 [Test worker] INFO org.springframework.test.context.support.AnnotationConfigContextLoaderUtils -- Could not detect default configuration classes for test class [com.library.book.BookIntegrationTest]: BookIntegrationTest does not declare any static, non-private, non-final, nested classes annotated with @Configuration.
15:56:18.985 [Test worker] INFO org.springframework.boot.test.context.SpringBootTestContextBootstrapper -- Found @SpringBootConfiguration com.library.LibraryManagementApplication for test class com.library.book.BookIntegrationTest

  .   ____          _            __ _ _
 /\\ / ___'_ __ _ _(_)_ __  __ _ \ \ \ \
( ( )\___ | '_ | '_| | '_ \/ _` | \ \ \ \
 \\/  ___)| |_)| | | | | || (_| |  ) ) ) )
  '  |____| .__|_| |_|_| |_\__, | / / / /
 =========|_|==============|___/=/_/_/_/
 :: Spring Boot ::                (v3.2.0)

15:56:19.166 [Test worker] INFO  c.library.book.BookIntegrationTest - Starting BookIntegrationTest using Java 17.0.15 with PID 28460 (started by deviantce in /Users/deviantce/Documents/ryujy/lib_project/backend)
15:56:19.166 [Test worker] DEBUG c.library.book.BookIntegrationTest - Running with Spring Boot v3.2.0, Spring v6.1.1
15:56:19.166 [Test worker] INFO  c.library.book.BookIntegrationTest - The following 1 profile is active: "test"
15:56:19.531 [Test worker] INFO  o.s.d.r.c.RepositoryConfigurationDelegate - Bootstrapping Spring Data JPA repositories in DEFAULT mode.
15:56:19.580 [Test worker] INFO  o.s.d.r.c.RepositoryConfigurationDelegate - Finished Spring Data repository scanning in 45 ms. Found 5 JPA repository interfaces.
15:56:19.798 [Test worker] INFO  com.zaxxer.hikari.HikariDataSource - HikariPool-1 - Starting...
15:56:19.891 [Test worker] INFO  com.zaxxer.hikari.pool.HikariPool - HikariPool-1 - Added connection conn0: url=jdbc:h2:mem:testdb user=SA
15:56:19.891 [Test worker] INFO  com.zaxxer.hikari.HikariDataSource - HikariPool-1 - Start completed.
15:56:19.954 [Test worker] INFO  o.h.jpa.internal.util.LogHelper - HHH000204: Processing PersistenceUnitInfo [name: default]
15:56:19.984 [Test worker] INFO  org.hibernate.Version - HHH000412: Hibernate ORM core version 6.3.1.Final
15:56:19.999 [Test worker] INFO  o.h.c.i.RegionFactoryInitiator - HHH000026: Second-level cache disabled
15:56:20.099 [Test worker] INFO  o.s.o.j.p.SpringPersistenceUnitInfo - No LoadTimeWeaver setup: ignoring JPA class transformer
15:56:20.120 [Test worker] WARN  org.hibernate.orm.deprecation - HHH90000025: H2Dialect does not need to be specified explicitly using 'hibernate.dialect' (remove the property setting and it will be selected by default)
15:56:20.484 [Test worker] INFO  o.h.e.t.j.p.i.JtaPlatformInitiator - HHH000489: No JTA platform available (set 'hibernate.transaction.jta.platform' to enable JTA platform integration)
15:56:20.486 [Test worker] INFO  o.s.o.j.LocalContainerEntityManagerFactoryBean - Initialized JPA EntityManagerFactory for persistence unit 'default'
15:56:20.777 [Test worker] INFO  o.s.d.j.r.query.QueryEnhancerFactory - Hibernate is in classpath; If applicable, HQL parser will be used.
15:56:21.535 [Test worker] WARN  o.s.b.a.o.j.JpaBaseConfiguration$JpaWebConfiguration - spring.jpa.open-in-view is enabled by default. Therefore, database queries may be performed during view rendering. Explicitly configure spring.jpa.open-in-view to disable this warning
15:56:21.697 [Test worker] INFO  o.s.s.web.DefaultSecurityFilterChain - Will secure any request with [org.springframework.security.web.session.DisableEncodeUrlFilter@5437c315, org.springframework.security.web.context.request.async.WebAsyncManagerIntegrationFilter@7c81b1e1, org.springframework.security.web.context.SecurityContextHolderFilter@2be71a78, org.springframework.security.web.header.HeaderWriterFilter@5a10b7e8, org.springframework.web.filter.CorsFilter@5dc9d857, org.springframework.security.web.authentication.logout.LogoutFilter@608e34bf, org.springframework.security.web.savedrequest.RequestCacheAwareFilter@6141c271, org.springframework.security.web.servletapi.SecurityContextHolderAwareRequestFilter@de58d71, org.springframework.security.web.authentication.AnonymousAuthenticationFilter@cd14c09, org.springframework.security.web.access.ExceptionTranslationFilter@5fd38a68, org.springframework.security.web.access.intercept.AuthorizationFilter@1fb5eda7]
15:56:21.801 [Test worker] INFO  o.s.b.a.h.H2ConsoleAutoConfiguration - H2 console available at '/h2-console'. Database available at 'jdbc:h2:mem:testdb'
15:56:21.831 [Test worker] INFO  o.s.b.t.m.w.SpringBootMockServletContext - Initializing Spring TestDispatcherServlet ''
15:56:21.831 [Test worker] INFO  o.s.t.w.s.TestDispatcherServlet - Initializing Servlet ''
15:56:21.832 [Test worker] INFO  o.s.t.w.s.TestDispatcherServlet - Completed initialization in 1 ms
15:56:21.848 [Test worker] INFO  c.library.book.BookIntegrationTest - Started BookIntegrationTest in 2.806 seconds (process running for 3.314)
15:56:22.146 [Test worker] DEBUG o.s.security.web.FilterChainProxy - Securing POST /api/books/3/borrow
15:56:22.148 [Test worker] DEBUG o.s.security.web.FilterChainProxy - Secured POST /api/books/3/borrow
15:56:22.192 [Test worker] DEBUG org.hibernate.SQL - 
    select
        b1_0."id",
        b1_0."author",
        b1_0."available_copies",
        b1_0."category",
        b1_0."created_at",
        b1_0."isbn",
        b1_0."library_id",
        b1_0."publication_year",
        b1_0."publisher",
        b1_0."status",
        b1_0."title",
        b1_0."total_copies",
        b1_0."updated_at" 
    from
        "books" b1_0 
    where
        b1_0."id"=?
Hibernate: 
    select
        b1_0."id",
        b1_0."author",
        b1_0."available_copies",
        b1_0."category",
        b1_0."created_at",
        b1_0."isbn",
        b1_0."library_id",
        b1_0."publication_year",
        b1_0."publisher",
        b1_0."status",
        b1_0."title",
        b1_0."total_copies",
        b1_0."updated_at" 
    from
        "books" b1_0 
    where
        b1_0."id"=?
15:56:22.198 [Test worker] DEBUG org.hibernate.SQL - 
    select
        l1_0."id",
        l1_0."address",
        l1_0."created_at",
        l1_0."description",
        l1_0."latitude",
        l1_0."longitude",
        l1_0."name",
        l1_0."opening_hours",
        l1_0."phone",
        l1_0."updated_at" 
    from
        "libraries" l1_0 
    where
        l1_0."id"=?
Hibernate: 
    select
        l1_0."id",
        l1_0."address",
        l1_0."created_at",
        l1_0."description",
        l1_0."latitude",
        l1_0."longitude",
        l1_0."name",
        l1_0."opening_hours",
        l1_0."phone",
        l1_0."updated_at" 
    from
        "libraries" l1_0 
    where
        l1_0."id"=?
15:56:22.245 [Test worker] DEBUG o.s.s.w.a.AnonymousAuthenticationFilter - Set SecurityContextHolder to anonymous SecurityContext
15:56:22.248 [Test worker] DEBUG o.s.security.web.FilterChainProxy - Securing POST /api/books/3/borrow
15:56:22.248 [Test worker] DEBUG o.s.security.web.FilterChainProxy - Secured POST /api/books/3/borrow
15:56:22.249 [Test worker] DEBUG o.s.s.w.a.AnonymousAuthenticationFilter - Set SecurityContextHolder to anonymous SecurityContext
15:56:22.249 [Test worker] DEBUG o.s.security.web.FilterChainProxy - Securing POST /api/books/3/borrow
15:56:22.250 [Test worker] DEBUG o.s.security.web.FilterChainProxy - Secured POST /api/books/3/borrow
15:56:22.250 [Test worker] DEBUG o.s.s.w.a.AnonymousAuthenticationFilter - Set SecurityContextHolder to anonymous SecurityContext
15:56:22.251 [Test worker] DEBUG o.s.security.web.FilterChainProxy - Securing POST /api/books/3/borrow
15:56:22.251 [Test worker] DEBUG o.s.security.web.FilterChainProxy - Secured POST /api/books/3/borrow
15:56:22.251 [Test worker] DEBUG o.s.s.w.a.AnonymousAuthenticationFilter - Set SecurityContextHolder to anonymous SecurityContext
15:56:22.252 [Test worker] DEBUG o.s.security.web.FilterChainProxy - Securing POST /api/books/3/borrow
15:56:22.252 [Test worker] DEBUG o.s.security.web.FilterChainProxy - Secured POST /api/books/3/borrow
15:56:22.252 [Test worker] DEBUG o.s.s.w.a.AnonymousAuthenticationFilter - Set SecurityContextHolder to anonymous SecurityContext
15:56:22.275 [Test worker] DEBUG o.s.security.web.FilterChainProxy - Securing GET /api/books/1
15:56:22.275 [Test worker] DEBUG o.s.security.web.FilterChainProxy - Secured GET /api/books/1
15:56:22.276 [Test worker] DEBUG org.hibernate.SQL - 
    select
        b1_0."id",
        b1_0."author",
        b1_0."available_copies",
        b1_0."category",
        b1_0."created_at",
        b1_0."isbn",
        b1_0."library_id",
        b1_0."publication_year",
        b1_0."publisher",
        b1_0."status",
        b1_0."title",
        b1_0."total_copies",
        b1_0."updated_at" 
    from
        "books" b1_0 
    where
        b1_0."id"=?
Hibernate: 
    select
        b1_0."id",
        b1_0."author",
        b1_0."available_copies",
        b1_0."category",
        b1_0."created_at",
        b1_0."isbn",
        b1_0."library_id",
        b1_0."publication_year",
        b1_0."publisher",
        b1_0."status",
        b1_0."title",
        b1_0."total_copies",
        b1_0."updated_at" 
    from
        "books" b1_0 
    where
        b1_0."id"=?
15:56:22.277 [Test worker] DEBUG org.hibernate.SQL - 
    select
        l1_0."id",
        l1_0."address",
        l1_0."created_at",
        l1_0."description",
        l1_0."latitude",
        l1_0."longitude",
        l1_0."name",
        l1_0."opening_hours",
        l1_0."phone",
        l1_0."updated_at" 
    from
        "libraries" l1_0 
    where
        l1_0."id"=?
Hibernate: 
    select
        l1_0."id",
        l1_0."address",
        l1_0."created_at",
        l1_0."description",
        l1_0."latitude",
        l1_0."longitude",
        l1_0."name",
        l1_0."opening_hours",
        l1_0."phone",
        l1_0."updated_at" 
    from
        "libraries" l1_0 
    where
        l1_0."id"=?
15:56:22.278 [Test worker] DEBUG o.s.s.w.a.AnonymousAuthenticationFilter - Set SecurityContextHolder to anonymous SecurityContext
15:56:22.290 [Test worker] DEBUG o.s.security.web.FilterChainProxy - Securing POST /api/books
15:56:22.290 [Test worker] DEBUG o.s.security.web.FilterChainProxy - Secured POST /api/books
15:56:22.332 [Test worker] WARN  o.s.w.s.m.s.DefaultHandlerExceptionResolver - Resolved [org.springframework.web.bind.MethodArgumentNotValidException: Validation failed for argument [0] in public org.springframework.http.ResponseEntity<com.library.common.response.ApiResponse<com.library.book.dto.BookResponseDto>> com.library.book.controller.BookController.createBook(com.library.book.dto.BookCreateRequestDto) with 2 errors: [Field error in object 'bookCreateRequestDto' on field 'totalCopies': rejected value [0]; codes [Positive.bookCreateRequestDto.totalCopies,Positive.totalCopies,Positive.int,Positive]; arguments [org.springframework.context.support.DefaultMessageSourceResolvable: codes [bookCreateRequestDto.totalCopies,totalCopies]; arguments []; default message [totalCopies]]; default message [총 권수는 1 이상이어야 합니다]] [Field error in object 'bookCreateRequestDto' on field 'title': rejected value []; codes [NotBlank.bookCreateRequestDto.title,NotBlank.title,NotBlank.java.lang.String,NotBlank]; arguments [org.springframework.context.support.DefaultMessageSourceResolvable: codes [bookCreateRequestDto.title,title]; arguments []; default message [title]]; default message [도서 제목은 필수입니다]] ]
15:56:22.332 [Test worker] DEBUG o.s.s.w.a.AnonymousAuthenticationFilter - Set SecurityContextHolder to anonymous SecurityContext
15:56:22.335 [Test worker] DEBUG o.s.security.web.FilterChainProxy - Securing GET /api/books/search
15:56:22.335 [Test worker] DEBUG o.s.security.web.FilterChainProxy - Secured GET /api/books/search
15:56:22.367 [Test worker] DEBUG org.hibernate.SQL - 
    select
        b1_0."id",
        b1_0."author",
        b1_0."available_copies",
        b1_0."category",
        b1_0."created_at",
        b1_0."isbn",
        b1_0."library_id",
        b1_0."publication_year",
        b1_0."publisher",
        b1_0."status",
        b1_0."title",
        b1_0."total_copies",
        b1_0."updated_at" 
    from
        "books" b1_0 
    where
        (
            ? is null 
            or lower(b1_0."title") like lower(('%'||?||'%')) escape ''
        ) 
        and (
            ? is null 
            or lower(b1_0."author") like lower(('%'||?||'%')) escape ''
        ) 
        and (
            ? is null 
            or b1_0."category"=?
        ) 
        and (
            ? is null 
            or b1_0."library_id"=?
        ) 
        and (
            ? is null 
            or b1_0."isbn"=?
        ) 
        and (
            ? is null 
            or lower(b1_0."publisher") like lower(('%'||?||'%')) escape ''
        ) 
        and (
            ? is null 
            or b1_0."status"=?
        ) 
    order by
        b1_0."created_at" desc
Hibernate: 
    select
        b1_0."id",
        b1_0."author",
        b1_0."available_copies",
        b1_0."category",
        b1_0."created_at",
        b1_0."isbn",
        b1_0."library_id",
        b1_0."publication_year",
        b1_0."publisher",
        b1_0."status",
        b1_0."title",
        b1_0."total_copies",
        b1_0."updated_at" 
    from
        "books" b1_0 
    where
        (
            ? is null 
            or lower(b1_0."title") like lower(('%'||?||'%')) escape ''
        ) 
        and (
            ? is null 
            or lower(b1_0."author") like lower(('%'||?||'%')) escape ''
        ) 
        and (
            ? is null 
            or b1_0."category"=?
        ) 
        and (
            ? is null 
            or b1_0."library_id"=?
        ) 
        and (
            ? is null 
            or b1_0."isbn"=?
        ) 
        and (
            ? is null 
            or lower(b1_0."publisher") like lower(('%'||?||'%')) escape ''
        ) 
        and (
            ? is null 
            or b1_0."status"=?
        ) 
    order by
        b1_0."created_at" desc
15:56:22.370 [Test worker] DEBUG org.hibernate.SQL - 
    select
        l1_0."id",
        l1_0."address",
        l1_0."created_at",
        l1_0."description",
        l1_0."latitude",
        l1_0."longitude",
        l1_0."name",
        l1_0."opening_hours",
        l1_0."phone",
        l1_0."updated_at" 
    from
        "libraries" l1_0 
    where
        l1_0."id"=?
Hibernate: 
    select
        l1_0."id",
        l1_0."address",
        l1_0."created_at",
        l1_0."description",
        l1_0."latitude",
        l1_0."longitude",
        l1_0."name",
        l1_0."opening_hours",
        l1_0."phone",
        l1_0."updated_at" 
    from
        "libraries" l1_0 
    where
        l1_0."id"=?
15:56:22.372 [Test worker] DEBUG org.hibernate.SQL - 
    select
        l1_0."id",
        l1_0."address",
        l1_0."created_at",
        l1_0."description",
        l1_0."latitude",
        l1_0."longitude",
        l1_0."name",
        l1_0."opening_hours",
        l1_0."phone",
        l1_0."updated_at" 
    from
        "libraries" l1_0 
    where
        l1_0."id"=?
Hibernate: 
    select
        l1_0."id",
        l1_0."address",
        l1_0."created_at",
        l1_0."description",
        l1_0."latitude",
        l1_0."longitude",
        l1_0."name",
        l1_0."opening_hours",
        l1_0."phone",
        l1_0."updated_at" 
    from
        "libraries" l1_0 
    where
        l1_0."id"=?
15:56:22.372 [Test worker] DEBUG org.hibernate.SQL - 
    select
        l1_0."id",
        l1_0."address",
        l1_0."created_at",
        l1_0."description",
        l1_0."latitude",
        l1_0."longitude",
        l1_0."name",
        l1_0."opening_hours",
        l1_0."phone",
        l1_0."updated_at" 
    from
        "libraries" l1_0 
    where
        l1_0."id"=?
Hibernate: 
    select
        l1_0."id",
        l1_0."address",
        l1_0."created_at",
        l1_0."description",
        l1_0."latitude",
        l1_0."longitude",
        l1_0."name",
        l1_0."opening_hours",
        l1_0."phone",
        l1_0."updated_at" 
    from
        "libraries" l1_0 
    where
        l1_0."id"=?
15:56:22.376 [Test worker] DEBUG o.s.s.w.a.AnonymousAuthenticationFilter - Set SecurityContextHolder to anonymous SecurityContext
15:56:22.380 [Test worker] DEBUG o.s.security.web.FilterChainProxy - Securing POST /api/books
15:56:22.380 [Test worker] DEBUG o.s.security.web.FilterChainProxy - Secured POST /api/books
15:56:22.381 [Test worker] DEBUG org.hibernate.SQL - 
    select
        l1_0."id",
        l1_0."address",
        l1_0."created_at",
        l1_0."description",
        l1_0."latitude",
        l1_0."longitude",
        l1_0."name",
        l1_0."opening_hours",
        l1_0."phone",
        l1_0."updated_at" 
    from
        "libraries" l1_0 
    where
        l1_0."id"=?
Hibernate: 
    select
        l1_0."id",
        l1_0."address",
        l1_0."created_at",
        l1_0."description",
        l1_0."latitude",
        l1_0."longitude",
        l1_0."name",
        l1_0."opening_hours",
        l1_0."phone",
        l1_0."updated_at" 
    from
        "libraries" l1_0 
    where
        l1_0."id"=?
15:56:22.382 [Test worker] DEBUG o.s.s.w.a.AnonymousAuthenticationFilter - Set SecurityContextHolder to anonymous SecurityContext
15:56:22.385 [Test worker] DEBUG o.s.security.web.FilterChainProxy - Securing GET /api/books/stats/library/1/available
15:56:22.385 [Test worker] DEBUG o.s.security.web.FilterChainProxy - Secured GET /api/books/stats/library/1/available
15:56:22.387 [Test worker] DEBUG org.hibernate.SQL - 
    select
        count(b1_0."id") 
    from
        "books" b1_0 
    where
        b1_0."library_id"=? 
        and b1_0."available_copies">0 
        and b1_0."status"='AVAILABLE'
Hibernate: 
    select
        count(b1_0."id") 
    from
        "books" b1_0 
    where
        b1_0."library_id"=? 
        and b1_0."available_copies">0 
        and b1_0."status"='AVAILABLE'
15:56:22.390 [Test worker] DEBUG o.s.s.w.a.AnonymousAuthenticationFilter - Set SecurityContextHolder to anonymous SecurityContext
15:56:22.393 [Test worker] DEBUG o.s.security.web.FilterChainProxy - Securing GET /api/books/categories/statistics
15:56:22.393 [Test worker] DEBUG o.s.security.web.FilterChainProxy - Secured GET /api/books/categories/statistics
15:56:22.399 [Test worker] DEBUG org.hibernate.SQL - 
    select
        b1_0."category",
        count(b1_0."id") 
    from
        "books" b1_0 
    where
        b1_0."category" is not null 
    group by
        b1_0."category" 
    order by
        count(b1_0."id") desc
Hibernate: 
    select
        b1_0."category",
        count(b1_0."id") 
    from
        "books" b1_0 
    where
        b1_0."category" is not null 
    group by
        b1_0."category" 
    order by
        count(b1_0."id") desc
15:56:22.402 [Test worker] DEBUG o.s.s.w.a.AnonymousAuthenticationFilter - Set SecurityContextHolder to anonymous SecurityContext
15:56:22.405 [Test worker] DEBUG o.s.security.web.FilterChainProxy - Securing GET /api/books/library/1
15:56:22.405 [Test worker] DEBUG o.s.security.web.FilterChainProxy - Secured GET /api/books/library/1
15:56:22.412 [Test worker] DEBUG org.hibernate.SQL - 
    select
        b1_0."id",
        b1_0."author",
        b1_0."available_copies",
        b1_0."category",
        b1_0."created_at",
        b1_0."isbn",
        b1_0."library_id",
        b1_0."publication_year",
        b1_0."publisher",
        b1_0."status",
        b1_0."title",
        b1_0."total_copies",
        b1_0."updated_at" 
    from
        "books" b1_0 
    where
        b1_0."library_id"=?
Hibernate: 
    select
        b1_0."id",
        b1_0."author",
        b1_0."available_copies",
        b1_0."category",
        b1_0."created_at",
        b1_0."isbn",
        b1_0."library_id",
        b1_0."publication_year",
        b1_0."publisher",
        b1_0."status",
        b1_0."title",
        b1_0."total_copies",
        b1_0."updated_at" 
    from
        "books" b1_0 
    where
        b1_0."library_id"=?
15:56:22.412 [Test worker] DEBUG org.hibernate.SQL - 
    select
        l1_0."id",
        l1_0."address",
        l1_0."created_at",
        l1_0."description",
        l1_0."latitude",
        l1_0."longitude",
        l1_0."name",
        l1_0."opening_hours",
        l1_0."phone",
        l1_0."updated_at" 
    from
        "libraries" l1_0 
    where
        l1_0."id"=?
Hibernate: 
    select
        l1_0."id",
        l1_0."address",
        l1_0."created_at",
        l1_0."description",
        l1_0."latitude",
        l1_0."longitude",
        l1_0."name",
        l1_0."opening_hours",
        l1_0."phone",
        l1_0."updated_at" 
    from
        "libraries" l1_0 
    where
        l1_0."id"=?
15:56:22.414 [Test worker] DEBUG o.s.s.w.a.AnonymousAuthenticationFilter - Set SecurityContextHolder to anonymous SecurityContext
15:56:22.419 [Test worker] DEBUG o.s.security.web.FilterChainProxy - Securing GET /api/books
15:56:22.419 [Test worker] DEBUG o.s.security.web.FilterChainProxy - Secured GET /api/books
15:56:22.420 [Test worker] DEBUG org.hibernate.SQL - 
    select
        b1_0."id",
        b1_0."author",
        b1_0."available_copies",
        b1_0."category",
        b1_0."created_at",
        b1_0."isbn",
        b1_0."library_id",
        b1_0."publication_year",
        b1_0."publisher",
        b1_0."status",
        b1_0."title",
        b1_0."total_copies",
        b1_0."updated_at" 
    from
        "books" b1_0
Hibernate: 
    select
        b1_0."id",
        b1_0."author",
        b1_0."available_copies",
        b1_0."category",
        b1_0."created_at",
        b1_0."isbn",
        b1_0."library_id",
        b1_0."publication_year",
        b1_0."publisher",
        b1_0."status",
        b1_0."title",
        b1_0."total_copies",
        b1_0."updated_at" 
    from
        "books" b1_0
15:56:22.421 [Test worker] DEBUG org.hibernate.SQL - 
    select
        l1_0."id",
        l1_0."address",
        l1_0."created_at",
        l1_0."description",
        l1_0."latitude",
        l1_0."longitude",
        l1_0."name",
        l1_0."opening_hours",
        l1_0."phone",
        l1_0."updated_at" 
    from
        "libraries" l1_0 
    where
        l1_0."id"=?
Hibernate: 
    select
        l1_0."id",
        l1_0."address",
        l1_0."created_at",
        l1_0."description",
        l1_0."latitude",
        l1_0."longitude",
        l1_0."name",
        l1_0."opening_hours",
        l1_0."phone",
        l1_0."updated_at" 
    from
        "libraries" l1_0 
    where
        l1_0."id"=?
15:56:22.422 [Test worker] DEBUG org.hibernate.SQL - 
    select
        l1_0."id",
        l1_0."address",
        l1_0."created_at",
        l1_0."description",
        l1_0."latitude",
        l1_0."longitude",
        l1_0."name",
        l1_0."opening_hours",
        l1_0."phone",
        l1_0."updated_at" 
    from
        "libraries" l1_0 
    where
        l1_0."id"=?
Hibernate: 
    select
        l1_0."id",
        l1_0."address",
        l1_0."created_at",
        l1_0."description",
        l1_0."latitude",
        l1_0."longitude",
        l1_0."name",
        l1_0."opening_hours",
        l1_0."phone",
        l1_0."updated_at" 
    from
        "libraries" l1_0 
    where
        l1_0."id"=?
15:56:22.424 [Test worker] DEBUG org.hibernate.SQL - 
    select
        l1_0."id",
        l1_0."address",
        l1_0."created_at",
        l1_0."description",
        l1_0."latitude",
        l1_0."longitude",
        l1_0."name",
        l1_0."opening_hours",
        l1_0."phone",
        l1_0."updated_at" 
    from
        "libraries" l1_0 
    where
        l1_0."id"=?
Hibernate: 
    select
        l1_0."id",
        l1_0."address",
        l1_0."created_at",
        l1_0."description",
        l1_0."latitude",
        l1_0."longitude",
        l1_0."name",
        l1_0."opening_hours",
        l1_0."phone",
        l1_0."updated_at" 
    from
        "libraries" l1_0 
    where
        l1_0."id"=?
15:56:22.425 [Test worker] DEBUG org.hibernate.SQL - 
    select
        l1_0."id",
        l1_0."address",
        l1_0."created_at",
        l1_0."description",
        l1_0."latitude",
        l1_0."longitude",
        l1_0."name",
        l1_0."opening_hours",
        l1_0."phone",
        l1_0."updated_at" 
    from
        "libraries" l1_0 
    where
        l1_0."id"=?
Hibernate: 
    select
        l1_0."id",
        l1_0."address",
        l1_0."created_at",
        l1_0."description",
        l1_0."latitude",
        l1_0."longitude",
        l1_0."name",
        l1_0."opening_hours",
        l1_0."phone",
        l1_0."updated_at" 
    from
        "libraries" l1_0 
    where
        l1_0."id"=?
15:56:22.426 [Test worker] DEBUG org.hibernate.SQL - 
    select
        l1_0."id",
        l1_0."address",
        l1_0."created_at",
        l1_0."description",
        l1_0."latitude",
        l1_0."longitude",
        l1_0."name",
        l1_0."opening_hours",
        l1_0."phone",
        l1_0."updated_at" 
    from
        "libraries" l1_0 
    where
        l1_0."id"=?
Hibernate: 
    select
        l1_0."id",
        l1_0."address",
        l1_0."created_at",
        l1_0."description",
        l1_0."latitude",
        l1_0."longitude",
        l1_0."name",
        l1_0."opening_hours",
        l1_0."phone",
        l1_0."updated_at" 
    from
        "libraries" l1_0 
    where
        l1_0."id"=?
15:56:22.428 [Test worker] DEBUG o.s.s.w.a.AnonymousAuthenticationFilter - Set SecurityContextHolder to anonymous SecurityContext
15:56:22.436 [Test worker] DEBUG o.s.security.web.FilterChainProxy - Securing GET /api/books/9999
15:56:22.436 [Test worker] DEBUG o.s.security.web.FilterChainProxy - Secured GET /api/books/9999
15:56:22.437 [Test worker] DEBUG org.hibernate.SQL - 
    select
        b1_0."id",
        b1_0."author",
        b1_0."available_copies",
        b1_0."category",
        b1_0."created_at",
        b1_0."isbn",
        b1_0."library_id",
        b1_0."publication_year",
        b1_0."publisher",
        b1_0."status",
        b1_0."title",
        b1_0."total_copies",
        b1_0."updated_at" 
    from
        "books" b1_0 
    where
        b1_0."id"=?
Hibernate: 
    select
        b1_0."id",
        b1_0."author",
        b1_0."available_copies",
        b1_0."category",
        b1_0."created_at",
        b1_0."isbn",
        b1_0."library_id",
        b1_0."publication_year",
        b1_0."publisher",
        b1_0."status",
        b1_0."title",
        b1_0."total_copies",
        b1_0."updated_at" 
    from
        "books" b1_0 
    where
        b1_0."id"=?
15:56:22.437 [Test worker] DEBUG o.s.s.w.a.AnonymousAuthenticationFilter - Set SecurityContextHolder to anonymous SecurityContext
15:56:22.442 [Test worker] DEBUG o.s.security.web.FilterChainProxy - Securing PUT /api/books/1
15:56:22.443 [Test worker] DEBUG o.s.security.web.FilterChainProxy - Secured PUT /api/books/1
15:56:22.446 [Test worker] DEBUG org.hibernate.SQL - 
    select
        b1_0."id",
        b1_0."author",
        b1_0."available_copies",
        b1_0."category",
        b1_0."created_at",
        b1_0."isbn",
        b1_0."library_id",
        b1_0."publication_year",
        b1_0."publisher",
        b1_0."status",
        b1_0."title",
        b1_0."total_copies",
        b1_0."updated_at" 
    from
        "books" b1_0 
    where
        b1_0."id"=?
Hibernate: 
    select
        b1_0."id",
        b1_0."author",
        b1_0."available_copies",
        b1_0."category",
        b1_0."created_at",
        b1_0."isbn",
        b1_0."library_id",
        b1_0."publication_year",
        b1_0."publisher",
        b1_0."status",
        b1_0."title",
        b1_0."total_copies",
        b1_0."updated_at" 
    from
        "books" b1_0 
    where
        b1_0."id"=?
15:56:22.446 [Test worker] DEBUG org.hibernate.SQL - 
    select
        l1_0."id",
        l1_0."address",
        l1_0."created_at",
        l1_0."description",
        l1_0."latitude",
        l1_0."longitude",
        l1_0."name",
        l1_0."opening_hours",
        l1_0."phone",
        l1_0."updated_at" 
    from
        "libraries" l1_0 
    where
        l1_0."id"=?
Hibernate: 
    select
        l1_0."id",
        l1_0."address",
        l1_0."created_at",
        l1_0."description",
        l1_0."latitude",
        l1_0."longitude",
        l1_0."name",
        l1_0."opening_hours",
        l1_0."phone",
        l1_0."updated_at" 
    from
        "libraries" l1_0 
    where
        l1_0."id"=?
15:56:22.448 [Test worker] DEBUG o.s.s.w.a.AnonymousAuthenticationFilter - Set SecurityContextHolder to anonymous SecurityContext
15:56:22.450 [Test worker] DEBUG o.s.security.web.FilterChainProxy - Securing GET /api/books/categories
15:56:22.450 [Test worker] DEBUG o.s.security.web.FilterChainProxy - Secured GET /api/books/categories
15:56:22.452 [Test worker] DEBUG org.hibernate.SQL - 
    select
        distinct b1_0."category" 
    from
        "books" b1_0 
    where
        b1_0."category" is not null 
    order by
        b1_0."category"
Hibernate: 
    select
        distinct b1_0."category" 
    from
        "books" b1_0 
    where
        b1_0."category" is not null 
    order by
        b1_0."category"
15:56:22.452 [Test worker] DEBUG o.s.s.w.a.AnonymousAuthenticationFilter - Set SecurityContextHolder to anonymous SecurityContext
15:56:22.456 [Test worker] DEBUG o.s.security.web.FilterChainProxy - Securing GET /api/books/1
15:56:22.456 [Test worker] DEBUG o.s.security.web.FilterChainProxy - Secured GET /api/books/1
15:56:22.457 [Test worker] DEBUG org.hibernate.SQL - 
    select
        b1_0."id",
        b1_0."author",
        b1_0."available_copies",
        b1_0."category",
        b1_0."created_at",
        b1_0."isbn",
        b1_0."library_id",
        b1_0."publication_year",
        b1_0."publisher",
        b1_0."status",
        b1_0."title",
        b1_0."total_copies",
        b1_0."updated_at" 
    from
        "books" b1_0 
    where
        b1_0."id"=?
Hibernate: 
    select
        b1_0."id",
        b1_0."author",
        b1_0."available_copies",
        b1_0."category",
        b1_0."created_at",
        b1_0."isbn",
        b1_0."library_id",
        b1_0."publication_year",
        b1_0."publisher",
        b1_0."status",
        b1_0."title",
        b1_0."total_copies",
        b1_0."updated_at" 
    from
        "books" b1_0 
    where
        b1_0."id"=?
15:56:22.457 [Test worker] DEBUG org.hibernate.SQL - 
    select
        l1_0."id",
        l1_0."address",
        l1_0."created_at",
        l1_0."description",
        l1_0."latitude",
        l1_0."longitude",
        l1_0."name",
        l1_0."opening_hours",
        l1_0."phone",
        l1_0."updated_at" 
    from
        "libraries" l1_0 
    where
        l1_0."id"=?
Hibernate: 
    select
        l1_0."id",
        l1_0."address",
        l1_0."created_at",
        l1_0."description",
        l1_0."latitude",
        l1_0."longitude",
        l1_0."name",
        l1_0."opening_hours",
        l1_0."phone",
        l1_0."updated_at" 
    from
        "libraries" l1_0 
    where
        l1_0."id"=?
15:56:22.458 [Test worker] DEBUG o.s.s.w.a.AnonymousAuthenticationFilter - Set SecurityContextHolder to anonymous SecurityContext
15:56:22.460 [Test worker] DEBUG o.s.security.web.FilterChainProxy - Securing GET /api/books/categories/standard
15:56:22.460 [Test worker] DEBUG o.s.security.web.FilterChainProxy - Secured GET /api/books/categories/standard
15:56:22.461 [Test worker] DEBUG o.s.s.w.a.AnonymousAuthenticationFilter - Set SecurityContextHolder to anonymous SecurityContext
15:56:22.463 [Test worker] DEBUG o.s.security.web.FilterChainProxy - Securing GET /api/books/search
15:56:22.463 [Test worker] DEBUG o.s.security.web.FilterChainProxy - Secured GET /api/books/search
15:56:22.466 [Test worker] DEBUG org.hibernate.SQL - 
    select
        b1_0."id",
        b1_0."author",
        b1_0."available_copies",
        b1_0."category",
        b1_0."created_at",
        b1_0."isbn",
        b1_0."library_id",
        b1_0."publication_year",
        b1_0."publisher",
        b1_0."status",
        b1_0."title",
        b1_0."total_copies",
        b1_0."updated_at" 
    from
        "books" b1_0 
    where
        (
            ? is null 
            or lower(b1_0."title") like lower(('%'||?||'%')) escape ''
        ) 
        and (
            ? is null 
            or lower(b1_0."author") like lower(('%'||?||'%')) escape ''
        ) 
        and (
            ? is null 
            or b1_0."category"=?
        ) 
        and (
            ? is null 
            or b1_0."library_id"=?
        ) 
        and (
            ? is null 
            or b1_0."isbn"=?
        ) 
        and (
            ? is null 
            or lower(b1_0."publisher") like lower(('%'||?||'%')) escape ''
        ) 
        and (
            ? is null 
            or b1_0."status"=?
        ) 
    order by
        b1_0."created_at" desc
Hibernate: 
    select
        b1_0."id",
        b1_0."author",
        b1_0."available_copies",
        b1_0."category",
        b1_0."created_at",
        b1_0."isbn",
        b1_0."library_id",
        b1_0."publication_year",
        b1_0."publisher",
        b1_0."status",
        b1_0."title",
        b1_0."total_copies",
        b1_0."updated_at" 
    from
        "books" b1_0 
    where
        (
            ? is null 
            or lower(b1_0."title") like lower(('%'||?||'%')) escape ''
        ) 
        and (
            ? is null 
            or lower(b1_0."author") like lower(('%'||?||'%')) escape ''
        ) 
        and (
            ? is null 
            or b1_0."category"=?
        ) 
        and (
            ? is null 
            or b1_0."library_id"=?
        ) 
        and (
            ? is null 
            or b1_0."isbn"=?
        ) 
        and (
            ? is null 
            or lower(b1_0."publisher") like lower(('%'||?||'%')) escape ''
        ) 
        and (
            ? is null 
            or b1_0."status"=?
        ) 
    order by
        b1_0."created_at" desc
15:56:22.467 [Test worker] DEBUG org.hibernate.SQL - 
    select
        l1_0."id",
        l1_0."address",
        l1_0."created_at",
        l1_0."description",
        l1_0."latitude",
        l1_0."longitude",
        l1_0."name",
        l1_0."opening_hours",
        l1_0."phone",
        l1_0."updated_at" 
    from
        "libraries" l1_0 
    where
        l1_0."id"=?
Hibernate: 
    select
        l1_0."id",
        l1_0."address",
        l1_0."created_at",
        l1_0."description",
        l1_0."latitude",
        l1_0."longitude",
        l1_0."name",
        l1_0."opening_hours",
        l1_0."phone",
        l1_0."updated_at" 
    from
        "libraries" l1_0 
    where
        l1_0."id"=?
15:56:22.468 [Test worker] DEBUG org.hibernate.SQL - 
    select
        l1_0."id",
        l1_0."address",
        l1_0."created_at",
        l1_0."description",
        l1_0."latitude",
        l1_0."longitude",
        l1_0."name",
        l1_0."opening_hours",
        l1_0."phone",
        l1_0."updated_at" 
    from
        "libraries" l1_0 
    where
        l1_0."id"=?
Hibernate: 
    select
        l1_0."id",
        l1_0."address",
        l1_0."created_at",
        l1_0."description",
        l1_0."latitude",
        l1_0."longitude",
        l1_0."name",
        l1_0."opening_hours",
        l1_0."phone",
        l1_0."updated_at" 
    from
        "libraries" l1_0 
    where
        l1_0."id"=?
15:56:22.469 [Test worker] DEBUG org.hibernate.SQL - 
    select
        l1_0."id",
        l1_0."address",
        l1_0."created_at",
        l1_0."description",
        l1_0."latitude",
        l1_0."longitude",
        l1_0."name",
        l1_0."opening_hours",
        l1_0."phone",
        l1_0."updated_at" 
    from
        "libraries" l1_0 
    where
        l1_0."id"=?
Hibernate: 
    select
        l1_0."id",
        l1_0."address",
        l1_0."created_at",
        l1_0."description",
        l1_0."latitude",
        l1_0."longitude",
        l1_0."name",
        l1_0."opening_hours",
        l1_0."phone",
        l1_0."updated_at" 
    from
        "libraries" l1_0 
    where
        l1_0."id"=?
15:56:22.469 [Test worker] DEBUG org.hibernate.SQL - 
    select
        l1_0."id",
        l1_0."address",
        l1_0."created_at",
        l1_0."description",
        l1_0."latitude",
        l1_0."longitude",
        l1_0."name",
        l1_0."opening_hours",
        l1_0."phone",
        l1_0."updated_at" 
    from
        "libraries" l1_0 
    where
        l1_0."id"=?
Hibernate: 
    select
        l1_0."id",
        l1_0."address",
        l1_0."created_at",
        l1_0."description",
        l1_0."latitude",
        l1_0."longitude",
        l1_0."name",
        l1_0."opening_hours",
        l1_0."phone",
        l1_0."updated_at" 
    from
        "libraries" l1_0 
    where
        l1_0."id"=?
15:56:22.470 [Test worker] DEBUG org.hibernate.SQL - 
    select
        l1_0."id",
        l1_0."address",
        l1_0."created_at",
        l1_0."description",
        l1_0."latitude",
        l1_0."longitude",
        l1_0."name",
        l1_0."opening_hours",
        l1_0."phone",
        l1_0."updated_at" 
    from
        "libraries" l1_0 
    where
        l1_0."id"=?
Hibernate: 
    select
        l1_0."id",
        l1_0."address",
        l1_0."created_at",
        l1_0."description",
        l1_0."latitude",
        l1_0."longitude",
        l1_0."name",
        l1_0."opening_hours",
        l1_0."phone",
        l1_0."updated_at" 
    from
        "libraries" l1_0 
    where
        l1_0."id"=?
15:56:22.472 [Test worker] DEBUG o.s.s.w.a.AnonymousAuthenticationFilter - Set SecurityContextHolder to anonymous SecurityContext
15:56:22.476 [Test worker] DEBUG o.s.security.web.FilterChainProxy - Securing GET /api/books/categories/popular
15:56:22.476 [Test worker] DEBUG o.s.security.web.FilterChainProxy - Secured GET /api/books/categories/popular
15:56:22.477 [Test worker] DEBUG org.hibernate.SQL - 
    select
        b1_0."category",
        count(b1_0."id") 
    from
        "books" b1_0 
    where
        b1_0."category" is not null 
    group by
        b1_0."category" 
    order by
        count(b1_0."id") desc
Hibernate: 
    select
        b1_0."category",
        count(b1_0."id") 
    from
        "books" b1_0 
    where
        b1_0."category" is not null 
    group by
        b1_0."category" 
    order by
        count(b1_0."id") desc
15:56:22.478 [Test worker] DEBUG o.s.s.w.a.AnonymousAuthenticationFilter - Set SecurityContextHolder to anonymous SecurityContext
15:56:22.480 [Test worker] DEBUG o.s.security.web.FilterChainProxy - Securing GET /api/books
15:56:22.480 [Test worker] DEBUG o.s.security.web.FilterChainProxy - Secured GET /api/books
15:56:22.481 [Test worker] DEBUG org.hibernate.SQL - 
    select
        b1_0."id",
        b1_0."author",
        b1_0."available_copies",
        b1_0."category",
        b1_0."created_at",
        b1_0."isbn",
        b1_0."library_id",
        b1_0."publication_year",
        b1_0."publisher",
        b1_0."status",
        b1_0."title",
        b1_0."total_copies",
        b1_0."updated_at" 
    from
        "books" b1_0
Hibernate: 
    select
        b1_0."id",
        b1_0."author",
        b1_0."available_copies",
        b1_0."category",
        b1_0."created_at",
        b1_0."isbn",
        b1_0."library_id",
        b1_0."publication_year",
        b1_0."publisher",
        b1_0."status",
        b1_0."title",
        b1_0."total_copies",
        b1_0."updated_at" 
    from
        "books" b1_0
15:56:22.481 [Test worker] DEBUG org.hibernate.SQL - 
    select
        l1_0."id",
        l1_0."address",
        l1_0."created_at",
        l1_0."description",
        l1_0."latitude",
        l1_0."longitude",
        l1_0."name",
        l1_0."opening_hours",
        l1_0."phone",
        l1_0."updated_at" 
    from
        "libraries" l1_0 
    where
        l1_0."id"=?
Hibernate: 
    select
        l1_0."id",
        l1_0."address",
        l1_0."created_at",
        l1_0."description",
        l1_0."latitude",
        l1_0."longitude",
        l1_0."name",
        l1_0."opening_hours",
        l1_0."phone",
        l1_0."updated_at" 
    from
        "libraries" l1_0 
    where
        l1_0."id"=?
15:56:22.482 [Test worker] DEBUG org.hibernate.SQL - 
    select
        l1_0."id",
        l1_0."address",
        l1_0."created_at",
        l1_0."description",
        l1_0."latitude",
        l1_0."longitude",
        l1_0."name",
        l1_0."opening_hours",
        l1_0."phone",
        l1_0."updated_at" 
    from
        "libraries" l1_0 
    where
        l1_0."id"=?
Hibernate: 
    select
        l1_0."id",
        l1_0."address",
        l1_0."created_at",
        l1_0."description",
        l1_0."latitude",
        l1_0."longitude",
        l1_0."name",
        l1_0."opening_hours",
        l1_0."phone",
        l1_0."updated_at" 
    from
        "libraries" l1_0 
    where
        l1_0."id"=?
15:56:22.482 [Test worker] DEBUG org.hibernate.SQL - 
    select
        l1_0."id",
        l1_0."address",
        l1_0."created_at",
        l1_0."description",
        l1_0."latitude",
        l1_0."longitude",
        l1_0."name",
        l1_0."opening_hours",
        l1_0."phone",
        l1_0."updated_at" 
    from
        "libraries" l1_0 
    where
        l1_0."id"=?
Hibernate: 
    select
        l1_0."id",
        l1_0."address",
        l1_0."created_at",
        l1_0."description",
        l1_0."latitude",
        l1_0."longitude",
        l1_0."name",
        l1_0."opening_hours",
        l1_0."phone",
        l1_0."updated_at" 
    from
        "libraries" l1_0 
    where
        l1_0."id"=?
15:56:22.483 [Test worker] DEBUG org.hibernate.SQL - 
    select
        l1_0."id",
        l1_0."address",
        l1_0."created_at",
        l1_0."description",
        l1_0."latitude",
        l1_0."longitude",
        l1_0."name",
        l1_0."opening_hours",
        l1_0."phone",
        l1_0."updated_at" 
    from
        "libraries" l1_0 
    where
        l1_0."id"=?
Hibernate: 
    select
        l1_0."id",
        l1_0."address",
        l1_0."created_at",
        l1_0."description",
        l1_0."latitude",
        l1_0."longitude",
        l1_0."name",
        l1_0."opening_hours",
        l1_0."phone",
        l1_0."updated_at" 
    from
        "libraries" l1_0 
    where
        l1_0."id"=?
15:56:22.483 [Test worker] DEBUG org.hibernate.SQL - 
    select
        l1_0."id",
        l1_0."address",
        l1_0."created_at",
        l1_0."description",
        l1_0."latitude",
        l1_0."longitude",
        l1_0."name",
        l1_0."opening_hours",
        l1_0."phone",
        l1_0."updated_at" 
    from
        "libraries" l1_0 
    where
        l1_0."id"=?
Hibernate: 
    select
        l1_0."id",
        l1_0."address",
        l1_0."created_at",
        l1_0."description",
        l1_0."latitude",
        l1_0."longitude",
        l1_0."name",
        l1_0."opening_hours",
        l1_0."phone",
        l1_0."updated_at" 
    from
        "libraries" l1_0 
    where
        l1_0."id"=?
15:56:22.485 [Test worker] DEBUG o.s.s.w.a.AnonymousAuthenticationFilter - Set SecurityContextHolder to anonymous SecurityContext
15:56:22.488 [Test worker] DEBUG o.s.security.web.FilterChainProxy - Securing GET /api/books/categories/statistics/library/1
15:56:22.489 [Test worker] DEBUG o.s.security.web.FilterChainProxy - Secured GET /api/books/categories/statistics/library/1
15:56:22.491 [Test worker] DEBUG org.hibernate.SQL - 
    select
        b1_0."category",
        count(b1_0."id") 
    from
        "books" b1_0 
    where
        b1_0."library_id"=? 
        and b1_0."category" is not null 
    group by
        b1_0."category" 
    order by
        count(b1_0."id") desc
Hibernate: 
    select
        b1_0."category",
        count(b1_0."id") 
    from
        "books" b1_0 
    where
        b1_0."library_id"=? 
        and b1_0."category" is not null 
    group by
        b1_0."category" 
    order by
        count(b1_0."id") desc
15:56:22.492 [Test worker] DEBUG o.s.s.w.a.AnonymousAuthenticationFilter - Set SecurityContextHolder to anonymous SecurityContext
15:56:22.494 [Test worker] DEBUG o.s.security.web.FilterChainProxy - Securing GET /api/books/categories/suggest
15:56:22.494 [Test worker] DEBUG o.s.security.web.FilterChainProxy - Secured GET /api/books/categories/suggest
15:56:22.496 [Test worker] DEBUG o.s.s.w.a.AnonymousAuthenticationFilter - Set SecurityContextHolder to anonymous SecurityContext
15:56:22.498 [Test worker] DEBUG o.s.security.web.FilterChainProxy - Securing GET /api/books/available/library/1
15:56:22.498 [Test worker] DEBUG o.s.security.web.FilterChainProxy - Secured GET /api/books/available/library/1
15:56:22.499 [Test worker] DEBUG org.hibernate.SQL - 
    select
        b1_0."id",
        b1_0."author",
        b1_0."available_copies",
        b1_0."category",
        b1_0."created_at",
        b1_0."isbn",
        b1_0."library_id",
        b1_0."publication_year",
        b1_0."publisher",
        b1_0."status",
        b1_0."title",
        b1_0."total_copies",
        b1_0."updated_at" 
    from
        "books" b1_0 
    where
        b1_0."library_id"=? 
        and b1_0."available_copies">0 
        and b1_0."status"='AVAILABLE'
Hibernate: 
    select
        b1_0."id",
        b1_0."author",
        b1_0."available_copies",
        b1_0."category",
        b1_0."created_at",
        b1_0."isbn",
        b1_0."library_id",
        b1_0."publication_year",
        b1_0."publisher",
        b1_0."status",
        b1_0."title",
        b1_0."total_copies",
        b1_0."updated_at" 
    from
        "books" b1_0 
    where
        b1_0."library_id"=? 
        and b1_0."available_copies">0 
        and b1_0."status"='AVAILABLE'
15:56:22.500 [Test worker] DEBUG org.hibernate.SQL - 
    select
        l1_0."id",
        l1_0."address",
        l1_0."created_at",
        l1_0."description",
        l1_0."latitude",
        l1_0."longitude",
        l1_0."name",
        l1_0."opening_hours",
        l1_0."phone",
        l1_0."updated_at" 
    from
        "libraries" l1_0 
    where
        l1_0."id"=?
Hibernate: 
    select
        l1_0."id",
        l1_0."address",
        l1_0."created_at",
        l1_0."description",
        l1_0."latitude",
        l1_0."longitude",
        l1_0."name",
        l1_0."opening_hours",
        l1_0."phone",
        l1_0."updated_at" 
    from
        "libraries" l1_0 
    where
        l1_0."id"=?
15:56:22.501 [Test worker] DEBUG o.s.s.w.a.AnonymousAuthenticationFilter - Set SecurityContextHolder to anonymous SecurityContext
15:56:22.503 [Test worker] DEBUG o.s.security.web.FilterChainProxy - Securing GET /api/books/search
15:56:22.503 [Test worker] DEBUG o.s.security.web.FilterChainProxy - Secured GET /api/books/search
15:56:22.506 [Test worker] DEBUG org.hibernate.SQL - 
    select
        b1_0."id",
        b1_0."author",
        b1_0."available_copies",
        b1_0."category",
        b1_0."created_at",
        b1_0."isbn",
        b1_0."library_id",
        b1_0."publication_year",
        b1_0."publisher",
        b1_0."status",
        b1_0."title",
        b1_0."total_copies",
        b1_0."updated_at" 
    from
        "books" b1_0 
    where
        (
            ? is null 
            or lower(b1_0."title") like lower(('%'||?||'%')) escape ''
        ) 
        and (
            ? is null 
            or lower(b1_0."author") like lower(('%'||?||'%')) escape ''
        ) 
        and (
            ? is null 
            or b1_0."category"=?
        ) 
        and (
            ? is null 
            or b1_0."library_id"=?
        ) 
        and (
            ? is null 
            or b1_0."isbn"=?
        ) 
        and (
            ? is null 
            or lower(b1_0."publisher") like lower(('%'||?||'%')) escape ''
        ) 
        and (
            ? is null 
            or b1_0."status"=?
        ) 
    order by
        b1_0."created_at" desc
Hibernate: 
    select
        b1_0."id",
        b1_0."author",
        b1_0."available_copies",
        b1_0."category",
        b1_0."created_at",
        b1_0."isbn",
        b1_0."library_id",
        b1_0."publication_year",
        b1_0."publisher",
        b1_0."status",
        b1_0."title",
        b1_0."total_copies",
        b1_0."updated_at" 
    from
        "books" b1_0 
    where
        (
            ? is null 
            or lower(b1_0."title") like lower(('%'||?||'%')) escape ''
        ) 
        and (
            ? is null 
            or lower(b1_0."author") like lower(('%'||?||'%')) escape ''
        ) 
        and (
            ? is null 
            or b1_0."category"=?
        ) 
        and (
            ? is null 
            or b1_0."library_id"=?
        ) 
        and (
            ? is null 
            or b1_0."isbn"=?
        ) 
        and (
            ? is null 
            or lower(b1_0."publisher") like lower(('%'||?||'%')) escape ''
        ) 
        and (
            ? is null 
            or b1_0."status"=?
        ) 
    order by
        b1_0."created_at" desc
15:56:22.507 [Test worker] DEBUG org.hibernate.SQL - 
    select
        l1_0."id",
        l1_0."address",
        l1_0."created_at",
        l1_0."description",
        l1_0."latitude",
        l1_0."longitude",
        l1_0."name",
        l1_0."opening_hours",
        l1_0."phone",
        l1_0."updated_at" 
    from
        "libraries" l1_0 
    where
        l1_0."id"=?
Hibernate: 
    select
        l1_0."id",
        l1_0."address",
        l1_0."created_at",
        l1_0."description",
        l1_0."latitude",
        l1_0."longitude",
        l1_0."name",
        l1_0."opening_hours",
        l1_0."phone",
        l1_0."updated_at" 
    from
        "libraries" l1_0 
    where
        l1_0."id"=?
15:56:22.508 [Test worker] DEBUG o.s.s.w.a.AnonymousAuthenticationFilter - Set SecurityContextHolder to anonymous SecurityContext
15:56:22.511 [Test worker] DEBUG o.s.security.web.FilterChainProxy - Securing POST /api/books/4/borrow
15:56:22.511 [Test worker] DEBUG o.s.security.web.FilterChainProxy - Secured POST /api/books/4/borrow
15:56:22.512 [Test worker] DEBUG org.hibernate.SQL - 
    select
        b1_0."id",
        b1_0."author",
        b1_0."available_copies",
        b1_0."category",
        b1_0."created_at",
        b1_0."isbn",
        b1_0."library_id",
        b1_0."publication_year",
        b1_0."publisher",
        b1_0."status",
        b1_0."title",
        b1_0."total_copies",
        b1_0."updated_at" 
    from
        "books" b1_0 
    where
        b1_0."id"=?
Hibernate: 
    select
        b1_0."id",
        b1_0."author",
        b1_0."available_copies",
        b1_0."category",
        b1_0."created_at",
        b1_0."isbn",
        b1_0."library_id",
        b1_0."publication_year",
        b1_0."publisher",
        b1_0."status",
        b1_0."title",
        b1_0."total_copies",
        b1_0."updated_at" 
    from
        "books" b1_0 
    where
        b1_0."id"=?
15:56:22.513 [Test worker] DEBUG org.hibernate.SQL - 
    select
        l1_0."id",
        l1_0."address",
        l1_0."created_at",
        l1_0."description",
        l1_0."latitude",
        l1_0."longitude",
        l1_0."name",
        l1_0."opening_hours",
        l1_0."phone",
        l1_0."updated_at" 
    from
        "libraries" l1_0 
    where
        l1_0."id"=?
Hibernate: 
    select
        l1_0."id",
        l1_0."address",
        l1_0."created_at",
        l1_0."description",
        l1_0."latitude",
        l1_0."longitude",
        l1_0."name",
        l1_0."opening_hours",
        l1_0."phone",
        l1_0."updated_at" 
    from
        "libraries" l1_0 
    where
        l1_0."id"=?
15:56:22.514 [Test worker] DEBUG o.s.s.w.a.AnonymousAuthenticationFilter - Set SecurityContextHolder to anonymous SecurityContext
15:56:22.514 [Test worker] DEBUG o.s.security.web.FilterChainProxy - Securing POST /api/books/4/return
15:56:22.514 [Test worker] DEBUG o.s.security.web.FilterChainProxy - Secured POST /api/books/4/return
15:56:22.515 [Test worker] DEBUG o.s.s.w.a.AnonymousAuthenticationFilter - Set SecurityContextHolder to anonymous SecurityContext
15:56:22.518 [Test worker] DEBUG o.s.security.web.FilterChainProxy - Securing POST /api/books
15:56:22.518 [Test worker] DEBUG o.s.security.web.FilterChainProxy - Secured POST /api/books
15:56:22.519 [Test worker] DEBUG org.hibernate.SQL - 
    select
        l1_0."id",
        l1_0."address",
        l1_0."created_at",
        l1_0."description",
        l1_0."latitude",
        l1_0."longitude",
        l1_0."name",
        l1_0."opening_hours",
        l1_0."phone",
        l1_0."updated_at" 
    from
        "libraries" l1_0 
    where
        l1_0."id"=?
Hibernate: 
    select
        l1_0."id",
        l1_0."address",
        l1_0."created_at",
        l1_0."description",
        l1_0."latitude",
        l1_0."longitude",
        l1_0."name",
        l1_0."opening_hours",
        l1_0."phone",
        l1_0."updated_at" 
    from
        "libraries" l1_0 
    where
        l1_0."id"=?
15:56:22.528 [Test worker] DEBUG org.hibernate.SQL - 
    insert 
    into
        "books"
        ("author", "available_copies", "category", "created_at", "isbn", "library_id", "publication_year", "publisher", "status", "title", "total_copies", "updated_at", "id") 
    values
        (?, ?, ?, ?, ?, ?, ?, ?, ?, ?, ?, ?, default)
Hibernate: 
    insert 
    into
        "books"
        ("author", "available_copies", "category", "created_at", "isbn", "library_id", "publication_year", "publisher", "status", "title", "total_copies", "updated_at", "id") 
    values
        (?, ?, ?, ?, ?, ?, ?, ?, ?, ?, ?, ?, default)
15:56:22.531 [Test worker] DEBUG o.s.s.w.a.AnonymousAuthenticationFilter - Set SecurityContextHolder to anonymous SecurityContext
15:56:22.534 [Test worker] DEBUG o.s.security.web.FilterChainProxy - Securing GET /api/books/stats/library/1/total
15:56:22.534 [Test worker] DEBUG o.s.security.web.FilterChainProxy - Secured GET /api/books/stats/library/1/total
15:56:22.536 [Test worker] DEBUG org.hibernate.SQL - 
    select
        count(b1_0."id") 
    from
        "books" b1_0 
    where
        b1_0."library_id"=?
Hibernate: 
    select
        count(b1_0."id") 
    from
        "books" b1_0 
    where
        b1_0."library_id"=?
15:56:22.536 [Test worker] DEBUG o.s.s.w.a.AnonymousAuthenticationFilter - Set SecurityContextHolder to anonymous SecurityContext
15:56:22.540 [Test worker] DEBUG o.s.security.web.FilterChainProxy - Securing POST /api/books/2/borrow
15:56:22.540 [Test worker] DEBUG o.s.security.web.FilterChainProxy - Secured POST /api/books/2/borrow
15:56:22.541 [Test worker] DEBUG org.hibernate.SQL - 
    select
        b1_0."id",
        b1_0."author",
        b1_0."available_copies",
        b1_0."category",
        b1_0."created_at",
        b1_0."isbn",
        b1_0."library_id",
        b1_0."publication_year",
        b1_0."publisher",
        b1_0."status",
        b1_0."title",
        b1_0."total_copies",
        b1_0."updated_at" 
    from
        "books" b1_0 
    where
        b1_0."id"=?
Hibernate: 
    select
        b1_0."id",
        b1_0."author",
        b1_0."available_copies",
        b1_0."category",
        b1_0."created_at",
        b1_0."isbn",
        b1_0."library_id",
        b1_0."publication_year",
        b1_0."publisher",
        b1_0."status",
        b1_0."title",
        b1_0."total_copies",
        b1_0."updated_at" 
    from
        "books" b1_0 
    where
        b1_0."id"=?
15:56:22.542 [Test worker] DEBUG org.hibernate.SQL - 
    select
        l1_0."id",
        l1_0."address",
        l1_0."created_at",
        l1_0."description",
        l1_0."latitude",
        l1_0."longitude",
        l1_0."name",
        l1_0."opening_hours",
        l1_0."phone",
        l1_0."updated_at" 
    from
        "libraries" l1_0 
    where
        l1_0."id"=?
Hibernate: 
    select
        l1_0."id",
        l1_0."address",
        l1_0."created_at",
        l1_0."description",
        l1_0."latitude",
        l1_0."longitude",
        l1_0."name",
        l1_0."opening_hours",
        l1_0."phone",
        l1_0."updated_at" 
    from
        "libraries" l1_0 
    where
        l1_0."id"=?
15:56:22.543 [Test worker] DEBUG o.s.s.w.a.AnonymousAuthenticationFilter - Set SecurityContextHolder to anonymous SecurityContext
15:56:22.543 [Test worker] DEBUG o.s.security.web.FilterChainProxy - Securing GET /api/books/2
15:56:22.543 [Test worker] DEBUG o.s.security.web.FilterChainProxy - Secured GET /api/books/2
15:56:22.544 [Test worker] DEBUG o.s.s.w.a.AnonymousAuthenticationFilter - Set SecurityContextHolder to anonymous SecurityContext
15:56:22.547 [Test worker] DEBUG o.s.security.web.FilterChainProxy - Securing GET /api/books
15:56:22.547 [Test worker] DEBUG o.s.security.web.FilterChainProxy - Secured GET /api/books
15:56:22.548 [Test worker] DEBUG org.hibernate.SQL - 
    select
        b1_0."id",
        b1_0."author",
        b1_0."available_copies",
        b1_0."category",
        b1_0."created_at",
        b1_0."isbn",
        b1_0."library_id",
        b1_0."publication_year",
        b1_0."publisher",
        b1_0."status",
        b1_0."title",
        b1_0."total_copies",
        b1_0."updated_at" 
    from
        "books" b1_0
Hibernate: 
    select
        b1_0."id",
        b1_0."author",
        b1_0."available_copies",
        b1_0."category",
        b1_0."created_at",
        b1_0."isbn",
        b1_0."library_id",
        b1_0."publication_year",
        b1_0."publisher",
        b1_0."status",
        b1_0."title",
        b1_0."total_copies",
        b1_0."updated_at" 
    from
        "books" b1_0
15:56:22.548 [Test worker] DEBUG org.hibernate.SQL - 
    select
        l1_0."id",
        l1_0."address",
        l1_0."created_at",
        l1_0."description",
        l1_0."latitude",
        l1_0."longitude",
        l1_0."name",
        l1_0."opening_hours",
        l1_0."phone",
        l1_0."updated_at" 
    from
        "libraries" l1_0 
    where
        l1_0."id"=?
Hibernate: 
    select
        l1_0."id",
        l1_0."address",
        l1_0."created_at",
        l1_0."description",
        l1_0."latitude",
        l1_0."longitude",
        l1_0."name",
        l1_0."opening_hours",
        l1_0."phone",
        l1_0."updated_at" 
    from
        "libraries" l1_0 
    where
        l1_0."id"=?
15:56:22.549 [Test worker] DEBUG org.hibernate.SQL - 
    select
        l1_0."id",
        l1_0."address",
        l1_0."created_at",
        l1_0."description",
        l1_0."latitude",
        l1_0."longitude",
        l1_0."name",
        l1_0."opening_hours",
        l1_0."phone",
        l1_0."updated_at" 
    from
        "libraries" l1_0 
    where
        l1_0."id"=?
Hibernate: 
    select
        l1_0."id",
        l1_0."address",
        l1_0."created_at",
        l1_0."description",
        l1_0."latitude",
        l1_0."longitude",
        l1_0."name",
        l1_0."opening_hours",
        l1_0."phone",
        l1_0."updated_at" 
    from
        "libraries" l1_0 
    where
        l1_0."id"=?
15:56:22.550 [Test worker] DEBUG org.hibernate.SQL - 
    select
        l1_0."id",
        l1_0."address",
        l1_0."created_at",
        l1_0."description",
        l1_0."latitude",
        l1_0."longitude",
        l1_0."name",
        l1_0."opening_hours",
        l1_0."phone",
        l1_0."updated_at" 
    from
        "libraries" l1_0 
    where
        l1_0."id"=?
Hibernate: 
    select
        l1_0."id",
        l1_0."address",
        l1_0."created_at",
        l1_0."description",
        l1_0."latitude",
        l1_0."longitude",
        l1_0."name",
        l1_0."opening_hours",
        l1_0."phone",
        l1_0."updated_at" 
    from
        "libraries" l1_0 
    where
        l1_0."id"=?
15:56:22.550 [Test worker] DEBUG org.hibernate.SQL - 
    select
        l1_0."id",
        l1_0."address",
        l1_0."created_at",
        l1_0."description",
        l1_0."latitude",
        l1_0."longitude",
        l1_0."name",
        l1_0."opening_hours",
        l1_0."phone",
        l1_0."updated_at" 
    from
        "libraries" l1_0 
    where
        l1_0."id"=?
Hibernate: 
    select
        l1_0."id",
        l1_0."address",
        l1_0."created_at",
        l1_0."description",
        l1_0."latitude",
        l1_0."longitude",
        l1_0."name",
        l1_0."opening_hours",
        l1_0."phone",
        l1_0."updated_at" 
    from
        "libraries" l1_0 
    where
        l1_0."id"=?
15:56:22.551 [Test worker] DEBUG org.hibernate.SQL - 
    select
        l1_0."id",
        l1_0."address",
        l1_0."created_at",
        l1_0."description",
        l1_0."latitude",
        l1_0."longitude",
        l1_0."name",
        l1_0."opening_hours",
        l1_0."phone",
        l1_0."updated_at" 
    from
        "libraries" l1_0 
    where
        l1_0."id"=?
Hibernate: 
    select
        l1_0."id",
        l1_0."address",
        l1_0."created_at",
        l1_0."description",
        l1_0."latitude",
        l1_0."longitude",
        l1_0."name",
        l1_0."opening_hours",
        l1_0."phone",
        l1_0."updated_at" 
    from
        "libraries" l1_0 
    where
        l1_0."id"=?
15:56:22.553 [Test worker] DEBUG o.s.s.w.a.AnonymousAuthenticationFilter - Set SecurityContextHolder to anonymous SecurityContext
15:56:22.555 [Test worker] DEBUG o.s.security.web.FilterChainProxy - Securing DELETE /api/books/1
15:56:22.555 [Test worker] DEBUG o.s.security.web.FilterChainProxy - Secured DELETE /api/books/1
15:56:22.557 [Test worker] DEBUG org.hibernate.SQL - 
    select
        b1_0."id",
        b1_0."author",
        b1_0."available_copies",
        b1_0."category",
        b1_0."created_at",
        b1_0."isbn",
        b1_0."library_id",
        b1_0."publication_year",
        b1_0."publisher",
        b1_0."status",
        b1_0."title",
        b1_0."total_copies",
        b1_0."updated_at" 
    from
        "books" b1_0 
    where
        b1_0."id"=?
Hibernate: 
    select
        b1_0."id",
        b1_0."author",
        b1_0."available_copies",
        b1_0."category",
        b1_0."created_at",
        b1_0."isbn",
        b1_0."library_id",
        b1_0."publication_year",
        b1_0."publisher",
        b1_0."status",
        b1_0."title",
        b1_0."total_copies",
        b1_0."updated_at" 
    from
        "books" b1_0 
    where
        b1_0."id"=?
15:56:22.557 [Test worker] DEBUG org.hibernate.SQL - 
    select
        l1_0."id",
        l1_0."address",
        l1_0."created_at",
        l1_0."description",
        l1_0."latitude",
        l1_0."longitude",
        l1_0."name",
        l1_0."opening_hours",
        l1_0."phone",
        l1_0."updated_at" 
    from
        "libraries" l1_0 
    where
        l1_0."id"=?
Hibernate: 
    select
        l1_0."id",
        l1_0."address",
        l1_0."created_at",
        l1_0."description",
        l1_0."latitude",
        l1_0."longitude",
        l1_0."name",
        l1_0."opening_hours",
        l1_0."phone",
        l1_0."updated_at" 
    from
        "libraries" l1_0 
    where
        l1_0."id"=?
15:56:22.560 [Test worker] DEBUG o.s.s.w.a.AnonymousAuthenticationFilter - Set SecurityContextHolder to anonymous SecurityContext
15:56:22.561 [Test worker] DEBUG o.s.security.web.FilterChainProxy - Securing GET /api/books/1
15:56:22.561 [Test worker] DEBUG o.s.security.web.FilterChainProxy - Secured GET /api/books/1
15:56:22.561 [Test worker] DEBUG o.s.s.w.a.AnonymousAuthenticationFilter - Set SecurityContextHolder to anonymous SecurityContext
15:56:22.563 [Test worker] DEBUG o.s.security.web.FilterChainProxy - Securing GET /api/books/search
15:56:22.563 [Test worker] DEBUG o.s.security.web.FilterChainProxy - Secured GET /api/books/search
15:56:22.565 [Test worker] DEBUG org.hibernate.SQL - 
    select
        b1_0."id",
        b1_0."author",
        b1_0."available_copies",
        b1_0."category",
        b1_0."created_at",
        b1_0."isbn",
        b1_0."library_id",
        b1_0."publication_year",
        b1_0."publisher",
        b1_0."status",
        b1_0."title",
        b1_0."total_copies",
        b1_0."updated_at" 
    from
        "books" b1_0 
    where
        (
            ? is null 
            or lower(b1_0."title") like lower(('%'||?||'%')) escape ''
        ) 
        and (
            ? is null 
            or lower(b1_0."author") like lower(('%'||?||'%')) escape ''
        ) 
        and (
            ? is null 
            or b1_0."category"=?
        ) 
        and (
            ? is null 
            or b1_0."library_id"=?
        ) 
        and (
            ? is null 
            or b1_0."isbn"=?
        ) 
        and (
            ? is null 
            or lower(b1_0."publisher") like lower(('%'||?||'%')) escape ''
        ) 
        and (
            ? is null 
            or b1_0."status"=?
        ) 
    order by
        b1_0."created_at" desc
Hibernate: 
    select
        b1_0."id",
        b1_0."author",
        b1_0."available_copies",
        b1_0."category",
        b1_0."created_at",
        b1_0."isbn",
        b1_0."library_id",
        b1_0."publication_year",
        b1_0."publisher",
        b1_0."status",
        b1_0."title",
        b1_0."total_copies",
        b1_0."updated_at" 
    from
        "books" b1_0 
    where
        (
            ? is null 
            or lower(b1_0."title") like lower(('%'||?||'%')) escape ''
        ) 
        and (
            ? is null 
            or lower(b1_0."author") like lower(('%'||?||'%')) escape ''
        ) 
        and (
            ? is null 
            or b1_0."category"=?
        ) 
        and (
            ? is null 
            or b1_0."library_id"=?
        ) 
        and (
            ? is null 
            or b1_0."isbn"=?
        ) 
        and (
            ? is null 
            or lower(b1_0."publisher") like lower(('%'||?||'%')) escape ''
        ) 
        and (
            ? is null 
            or b1_0."status"=?
        ) 
    order by
        b1_0."created_at" desc
15:56:22.566 [Test worker] DEBUG org.hibernate.SQL - 
    select
        l1_0."id",
        l1_0."address",
        l1_0."created_at",
        l1_0."description",
        l1_0."latitude",
        l1_0."longitude",
        l1_0."name",
        l1_0."opening_hours",
        l1_0."phone",
        l1_0."updated_at" 
    from
        "libraries" l1_0 
    where
        l1_0."id"=?
Hibernate: 
    select
        l1_0."id",
        l1_0."address",
        l1_0."created_at",
        l1_0."description",
        l1_0."latitude",
        l1_0."longitude",
        l1_0."name",
        l1_0."opening_hours",
        l1_0."phone",
        l1_0."updated_at" 
    from
        "libraries" l1_0 
    where
        l1_0."id"=?
15:56:22.567 [Test worker] DEBUG o.s.s.w.a.AnonymousAuthenticationFilter - Set SecurityContextHolder to anonymous SecurityContext
15:56:22.569 [Test worker] DEBUG o.s.security.web.FilterChainProxy - Securing GET /api/books/available
15:56:22.569 [Test worker] DEBUG o.s.security.web.FilterChainProxy - Secured GET /api/books/available
15:56:22.570 [Test worker] DEBUG org.hibernate.SQL - 
    select
        b1_0."id",
        b1_0."author",
        b1_0."available_copies",
        b1_0."category",
        b1_0."created_at",
        b1_0."isbn",
        b1_0."library_id",
        b1_0."publication_year",
        b1_0."publisher",
        b1_0."status",
        b1_0."title",
        b1_0."total_copies",
        b1_0."updated_at" 
    from
        "books" b1_0 
    where
        b1_0."available_copies">0 
        and b1_0."status"='AVAILABLE'
Hibernate: 
    select
        b1_0."id",
        b1_0."author",
        b1_0."available_copies",
        b1_0."category",
        b1_0."created_at",
        b1_0."isbn",
        b1_0."library_id",
        b1_0."publication_year",
        b1_0."publisher",
        b1_0."status",
        b1_0."title",
        b1_0."total_copies",
        b1_0."updated_at" 
    from
        "books" b1_0 
    where
        b1_0."available_copies">0 
        and b1_0."status"='AVAILABLE'
15:56:22.571 [Test worker] DEBUG org.hibernate.SQL - 
    select
        l1_0."id",
        l1_0."address",
        l1_0."created_at",
        l1_0."description",
        l1_0."latitude",
        l1_0."longitude",
        l1_0."name",
        l1_0."opening_hours",
        l1_0."phone",
        l1_0."updated_at" 
    from
        "libraries" l1_0 
    where
        l1_0."id"=?
Hibernate: 
    select
        l1_0."id",
        l1_0."address",
        l1_0."created_at",
        l1_0."description",
        l1_0."latitude",
        l1_0."longitude",
        l1_0."name",
        l1_0."opening_hours",
        l1_0."phone",
        l1_0."updated_at" 
    from
        "libraries" l1_0 
    where
        l1_0."id"=?
15:56:22.571 [Test worker] DEBUG org.hibernate.SQL - 
    select
        l1_0."id",
        l1_0."address",
        l1_0."created_at",
        l1_0."description",
        l1_0."latitude",
        l1_0."longitude",
        l1_0."name",
        l1_0."opening_hours",
        l1_0."phone",
        l1_0."updated_at" 
    from
        "libraries" l1_0 
    where
        l1_0."id"=?
Hibernate: 
    select
        l1_0."id",
        l1_0."address",
        l1_0."created_at",
        l1_0."description",
        l1_0."latitude",
        l1_0."longitude",
        l1_0."name",
        l1_0."opening_hours",
        l1_0."phone",
        l1_0."updated_at" 
    from
        "libraries" l1_0 
    where
        l1_0."id"=?
15:56:22.572 [Test worker] DEBUG org.hibernate.SQL - 
    select
        l1_0."id",
        l1_0."address",
        l1_0."created_at",
        l1_0."description",
        l1_0."latitude",
        l1_0."longitude",
        l1_0."name",
        l1_0."opening_hours",
        l1_0."phone",
        l1_0."updated_at" 
    from
        "libraries" l1_0 
    where
        l1_0."id"=?
Hibernate: 
    select
        l1_0."id",
        l1_0."address",
        l1_0."created_at",
        l1_0."description",
        l1_0."latitude",
        l1_0."longitude",
        l1_0."name",
        l1_0."opening_hours",
        l1_0."phone",
        l1_0."updated_at" 
    from
        "libraries" l1_0 
    where
        l1_0."id"=?
15:56:22.573 [Test worker] DEBUG org.hibernate.SQL - 
    select
        l1_0."id",
        l1_0."address",
        l1_0."created_at",
        l1_0."description",
        l1_0."latitude",
        l1_0."longitude",
        l1_0."name",
        l1_0."opening_hours",
        l1_0."phone",
        l1_0."updated_at" 
    from
        "libraries" l1_0 
    where
        l1_0."id"=?
Hibernate: 
    select
        l1_0."id",
        l1_0."address",
        l1_0."created_at",
        l1_0."description",
        l1_0."latitude",
        l1_0."longitude",
        l1_0."name",
        l1_0."opening_hours",
        l1_0."phone",
        l1_0."updated_at" 
    from
        "libraries" l1_0 
    where
        l1_0."id"=?
15:56:22.573 [Test worker] DEBUG org.hibernate.SQL - 
    select
        l1_0."id",
        l1_0."address",
        l1_0."created_at",
        l1_0."description",
        l1_0."latitude",
        l1_0."longitude",
        l1_0."name",
        l1_0."opening_hours",
        l1_0."phone",
        l1_0."updated_at" 
    from
        "libraries" l1_0 
    where
        l1_0."id"=?
Hibernate: 
    select
        l1_0."id",
        l1_0."address",
        l1_0."created_at",
        l1_0."description",
        l1_0."latitude",
        l1_0."longitude",
        l1_0."name",
        l1_0."opening_hours",
        l1_0."phone",
        l1_0."updated_at" 
    from
        "libraries" l1_0 
    where
        l1_0."id"=?
15:56:22.575 [Test worker] DEBUG o.s.s.w.a.AnonymousAuthenticationFilter - Set SecurityContextHolder to anonymous SecurityContext
]]></system-out>
  <system-err><![CDATA[]]></system-err>
</testsuite>
