<?xml version="1.0" encoding="UTF-8"?>
<testsuite name="도서관 도메인 통합 테스트" tests="13" skipped="0" failures="0" errors="0" timestamp="2025-07-08T06:56:22" hostname="deviantces-Mac-mini.local" time="0.077">
  <properties/>
  <testcase name="도서관 이름으로 검색 API 테스트" classname="com.library.library.LibraryIntegrationTest" time="0.014"/>
  <testcase name="데이터 유효성 검증 테스트" classname="com.library.library.LibraryIntegrationTest" time="0.005"/>
  <testcase name="도서관 위치 기반 검색 API 테스트" classname="com.library.library.LibraryIntegrationTest" time="0.007"/>
  <testcase name="도서관 ID로 조회 API 테스트" classname="com.library.library.LibraryIntegrationTest" time="0.003"/>
  <testcase name="존재하지 않는 도서관 조회 API 테스트" classname="com.library.library.LibraryIntegrationTest" time="0.002"/>
  <testcase name="동시성 테스트 - 여러 사용자가 동시에 조회" classname="com.library.library.LibraryIntegrationTest" time="0.018"/>
  <testcase name="모든 도서관 조회 API 테스트" classname="com.library.library.LibraryIntegrationTest" time="0.004"/>
  <testcase name="도서관 주소로 검색 API 테스트" classname="com.library.library.LibraryIntegrationTest" time="0.005"/>
  <testcase name="성능 테스트 - 모든 도서관 조회" classname="com.library.library.LibraryIntegrationTest" time="0.003"/>
  <testcase name="잘못된 매개변수로 검색 API 테스트" classname="com.library.library.LibraryIntegrationTest" time="0.003"/>
  <testcase name="API 응답 구조 검증 테스트" classname="com.library.library.LibraryIntegrationTest" time="0.004"/>
  <testcase name="빈 검색 조건으로 검색 API 테스트" classname="com.library.library.LibraryIntegrationTest" time="0.005"/>
  <testcase name="복합 검색 조건 API 테스트" classname="com.library.library.LibraryIntegrationTest" time="0.004"/>
  <system-out><![CDATA[15:56:22.580 [Test worker] INFO  o.s.t.c.s.AnnotationConfigContextLoaderUtils - Could not detect default configuration classes for test class [com.library.library.LibraryIntegrationTest]: LibraryIntegrationTest does not declare any static, non-private, non-final, nested classes annotated with @Configuration.
15:56:22.584 [Test worker] INFO  o.s.b.t.c.SpringBootTestContextBootstrapper - Found @SpringBootConfiguration com.library.LibraryManagementApplication for test class com.library.library.LibraryIntegrationTest
15:56:22.586 [Test worker] DEBUG o.s.security.web.FilterChainProxy - Securing GET /api/libraries/search
15:56:22.586 [Test worker] DEBUG o.s.security.web.FilterChainProxy - Secured GET /api/libraries/search
15:56:22.592 [Test worker] DEBUG org.hibernate.SQL - 
    select
        l1_0."id",
        l1_0."address",
        l1_0."created_at",
        l1_0."description",
        l1_0."latitude",
        l1_0."longitude",
        l1_0."name",
        l1_0."opening_hours",
        l1_0."phone",
        l1_0."updated_at" 
    from
        "libraries" l1_0 
    where
        upper(l1_0."name") like upper(?) escape '\'
Hibernate: 
    select
        l1_0."id",
        l1_0."address",
        l1_0."created_at",
        l1_0."description",
        l1_0."latitude",
        l1_0."longitude",
        l1_0."name",
        l1_0."opening_hours",
        l1_0."phone",
        l1_0."updated_at" 
    from
        "libraries" l1_0 
    where
        upper(l1_0."name") like upper(?) escape '\'
15:56:22.598 [Test worker] DEBUG o.s.s.w.a.AnonymousAuthenticationFilter - Set SecurityContextHolder to anonymous SecurityContext
15:56:22.601 [Test worker] DEBUG o.s.security.web.FilterChainProxy - Securing GET /api/libraries/1
15:56:22.601 [Test worker] DEBUG o.s.security.web.FilterChainProxy - Secured GET /api/libraries/1
15:56:22.601 [Test worker] DEBUG org.hibernate.SQL - 
    select
        l1_0."id",
        l1_0."address",
        l1_0."created_at",
        l1_0."description",
        l1_0."latitude",
        l1_0."longitude",
        l1_0."name",
        l1_0."opening_hours",
        l1_0."phone",
        l1_0."updated_at" 
    from
        "libraries" l1_0 
    where
        l1_0."id"=?
Hibernate: 
    select
        l1_0."id",
        l1_0."address",
        l1_0."created_at",
        l1_0."description",
        l1_0."latitude",
        l1_0."longitude",
        l1_0."name",
        l1_0."opening_hours",
        l1_0."phone",
        l1_0."updated_at" 
    from
        "libraries" l1_0 
    where
        l1_0."id"=?
15:56:22.603 [Test worker] DEBUG o.s.s.w.a.AnonymousAuthenticationFilter - Set SecurityContextHolder to anonymous SecurityContext
15:56:22.606 [Test worker] DEBUG o.s.security.web.FilterChainProxy - Securing GET /api/libraries/search
15:56:22.606 [Test worker] DEBUG o.s.security.web.FilterChainProxy - Secured GET /api/libraries/search
15:56:22.609 [Test worker] DEBUG org.hibernate.SQL - 
    select
        l1_0."id",
        l1_0."address",
        l1_0."created_at",
        l1_0."description",
        l1_0."latitude",
        l1_0."longitude",
        l1_0."name",
        l1_0."opening_hours",
        l1_0."phone",
        l1_0."updated_at" 
    from
        "libraries" l1_0 
    where
        l1_0."latitude" between ? and ? 
        and l1_0."longitude" between ? and ?
Hibernate: 
    select
        l1_0."id",
        l1_0."address",
        l1_0."created_at",
        l1_0."description",
        l1_0."latitude",
        l1_0."longitude",
        l1_0."name",
        l1_0."opening_hours",
        l1_0."phone",
        l1_0."updated_at" 
    from
        "libraries" l1_0 
    where
        l1_0."latitude" between ? and ? 
        and l1_0."longitude" between ? and ?
15:56:22.611 [Test worker] DEBUG o.s.s.w.a.AnonymousAuthenticationFilter - Set SecurityContextHolder to anonymous SecurityContext
15:56:22.613 [Test worker] DEBUG o.s.security.web.FilterChainProxy - Securing GET /api/libraries/1
15:56:22.613 [Test worker] DEBUG o.s.security.web.FilterChainProxy - Secured GET /api/libraries/1
15:56:22.613 [Test worker] DEBUG org.hibernate.SQL - 
    select
        l1_0."id",
        l1_0."address",
        l1_0."created_at",
        l1_0."description",
        l1_0."latitude",
        l1_0."longitude",
        l1_0."name",
        l1_0."opening_hours",
        l1_0."phone",
        l1_0."updated_at" 
    from
        "libraries" l1_0 
    where
        l1_0."id"=?
Hibernate: 
    select
        l1_0."id",
        l1_0."address",
        l1_0."created_at",
        l1_0."description",
        l1_0."latitude",
        l1_0."longitude",
        l1_0."name",
        l1_0."opening_hours",
        l1_0."phone",
        l1_0."updated_at" 
    from
        "libraries" l1_0 
    where
        l1_0."id"=?
15:56:22.614 [Test worker] DEBUG o.s.s.w.a.AnonymousAuthenticationFilter - Set SecurityContextHolder to anonymous SecurityContext
15:56:22.616 [Test worker] DEBUG o.s.security.web.FilterChainProxy - Securing GET /api/libraries/999
15:56:22.616 [Test worker] DEBUG o.s.security.web.FilterChainProxy - Secured GET /api/libraries/999
15:56:22.616 [Test worker] DEBUG org.hibernate.SQL - 
    select
        l1_0."id",
        l1_0."address",
        l1_0."created_at",
        l1_0."description",
        l1_0."latitude",
        l1_0."longitude",
        l1_0."name",
        l1_0."opening_hours",
        l1_0."phone",
        l1_0."updated_at" 
    from
        "libraries" l1_0 
    where
        l1_0."id"=?
Hibernate: 
    select
        l1_0."id",
        l1_0."address",
        l1_0."created_at",
        l1_0."description",
        l1_0."latitude",
        l1_0."longitude",
        l1_0."name",
        l1_0."opening_hours",
        l1_0."phone",
        l1_0."updated_at" 
    from
        "libraries" l1_0 
    where
        l1_0."id"=?
15:56:22.616 [Test worker] DEBUG o.s.s.w.a.AnonymousAuthenticationFilter - Set SecurityContextHolder to anonymous SecurityContext
15:56:22.618 [Thread-6] DEBUG o.s.security.web.FilterChainProxy - Securing GET /api/libraries
15:56:22.618 [Thread-5] DEBUG o.s.security.web.FilterChainProxy - Securing GET /api/libraries
15:56:22.618 [Thread-5] DEBUG o.s.security.web.FilterChainProxy - Secured GET /api/libraries
15:56:22.618 [Thread-6] DEBUG o.s.security.web.FilterChainProxy - Secured GET /api/libraries
15:56:22.618 [Thread-7] DEBUG o.s.security.web.FilterChainProxy - Securing GET /api/libraries
15:56:22.619 [Thread-7] DEBUG o.s.security.web.FilterChainProxy - Secured GET /api/libraries
15:56:22.619 [Thread-9] DEBUG o.s.security.web.FilterChainProxy - Securing GET /api/libraries
15:56:22.619 [Thread-8] DEBUG o.s.security.web.FilterChainProxy - Securing GET /api/libraries
15:56:22.619 [Thread-12] DEBUG o.s.security.web.FilterChainProxy - Securing GET /api/libraries
15:56:22.619 [Thread-9] DEBUG o.s.security.web.FilterChainProxy - Secured GET /api/libraries
15:56:22.619 [Thread-10] DEBUG o.s.security.web.FilterChainProxy - Securing GET /api/libraries
15:56:22.619 [Thread-12] DEBUG o.s.security.web.FilterChainProxy - Secured GET /api/libraries
15:56:22.619 [Thread-11] DEBUG o.s.security.web.FilterChainProxy - Securing GET /api/libraries
15:56:22.619 [Thread-13] DEBUG o.s.security.web.FilterChainProxy - Securing GET /api/libraries
15:56:22.619 [Thread-13] DEBUG o.s.security.web.FilterChainProxy - Secured GET /api/libraries
15:56:22.619 [Thread-11] DEBUG o.s.security.web.FilterChainProxy - Secured GET /api/libraries
15:56:22.619 [Thread-8] DEBUG o.s.security.web.FilterChainProxy - Secured GET /api/libraries
15:56:22.619 [Thread-10] DEBUG o.s.security.web.FilterChainProxy - Secured GET /api/libraries
15:56:22.620 [Thread-14] DEBUG o.s.security.web.FilterChainProxy - Securing GET /api/libraries
15:56:22.620 [Thread-14] DEBUG o.s.security.web.FilterChainProxy - Secured GET /api/libraries
15:56:22.620 [Thread-7] DEBUG org.hibernate.SQL - 
    select
        l1_0."id",
        l1_0."address",
        l1_0."created_at",
        l1_0."description",
        l1_0."latitude",
        l1_0."longitude",
        l1_0."name",
        l1_0."opening_hours",
        l1_0."phone",
        l1_0."updated_at" 
    from
        "libraries" l1_0
Hibernate: 
    select
        l1_0."id",
        l1_0."address",
        l1_0."created_at",
        l1_0."description",
        l1_0."latitude",
        l1_0."longitude",
        l1_0."name",
        l1_0."opening_hours",
        l1_0."phone",
        l1_0."updated_at" 
    from
        "libraries" l1_0
15:56:22.621 [Thread-12] DEBUG org.hibernate.SQL - 
    select
        l1_0."id",
        l1_0."address",
        l1_0."created_at",
        l1_0."description",
        l1_0."latitude",
        l1_0."longitude",
        l1_0."name",
        l1_0."opening_hours",
        l1_0."phone",
        l1_0."updated_at" 
    from
        "libraries" l1_0
Hibernate: 
    select
        l1_0."id",
        l1_0."address",
        l1_0."created_at",
        l1_0."description",
        l1_0."latitude",
        l1_0."longitude",
        l1_0."name",
        l1_0."opening_hours",
        l1_0."phone",
        l1_0."updated_at" 
    from
        "libraries" l1_0
15:56:22.622 [Thread-12] DEBUG o.s.s.w.a.AnonymousAuthenticationFilter - Set SecurityContextHolder to anonymous SecurityContext
15:56:22.623 [Thread-13] DEBUG org.hibernate.SQL - 
    select
        l1_0."id",
        l1_0."address",
        l1_0."created_at",
        l1_0."description",
        l1_0."latitude",
        l1_0."longitude",
        l1_0."name",
        l1_0."opening_hours",
        l1_0."phone",
        l1_0."updated_at" 
    from
        "libraries" l1_0
Hibernate: 
    select
        l1_0."id",
        l1_0."address",
        l1_0."created_at",
        l1_0."description",
        l1_0."latitude",
        l1_0."longitude",
        l1_0."name",
        l1_0."opening_hours",
        l1_0."phone",
        l1_0."updated_at" 
    from
        "libraries" l1_0
15:56:22.624 [Thread-7] DEBUG o.s.s.w.a.AnonymousAuthenticationFilter - Set SecurityContextHolder to anonymous SecurityContext
15:56:22.624 [Thread-5] DEBUG org.hibernate.SQL - 
    select
        l1_0."id",
        l1_0."address",
        l1_0."created_at",
        l1_0."description",
        l1_0."latitude",
        l1_0."longitude",
        l1_0."name",
        l1_0."opening_hours",
        l1_0."phone",
        l1_0."updated_at" 
    from
        "libraries" l1_0
Hibernate: 
    select
        l1_0."id",
        l1_0."address",
        l1_0."created_at",
        l1_0."description",
        l1_0."latitude",
        l1_0."longitude",
        l1_0."name",
        l1_0."opening_hours",
        l1_0."phone",
        l1_0."updated_at" 
    from
        "libraries" l1_0
15:56:22.625 [Thread-13] DEBUG o.s.s.w.a.AnonymousAuthenticationFilter - Set SecurityContextHolder to anonymous SecurityContext
15:56:22.625 [Thread-5] DEBUG o.s.s.w.a.AnonymousAuthenticationFilter - Set SecurityContextHolder to anonymous SecurityContext
15:56:22.625 [Thread-6] DEBUG org.hibernate.SQL - 
    select
        l1_0."id",
        l1_0."address",
        l1_0."created_at",
        l1_0."description",
        l1_0."latitude",
        l1_0."longitude",
        l1_0."name",
        l1_0."opening_hours",
        l1_0."phone",
        l1_0."updated_at" 
    from
        "libraries" l1_0
Hibernate: 
    select
        l1_0."id",
        l1_0."address",
        l1_0."created_at",
        l1_0."description",
        l1_0."latitude",
        l1_0."longitude",
        l1_0."name",
        l1_0."opening_hours",
        l1_0."phone",
        l1_0."updated_at" 
    from
        "libraries" l1_0
15:56:22.630 [Thread-9] DEBUG org.hibernate.SQL - 
    select
        l1_0."id",
        l1_0."address",
        l1_0."created_at",
        l1_0."description",
        l1_0."latitude",
        l1_0."longitude",
        l1_0."name",
        l1_0."opening_hours",
        l1_0."phone",
        l1_0."updated_at" 
    from
        "libraries" l1_0
Hibernate: 
    select
        l1_0."id",
        l1_0."address",
        l1_0."created_at",
        l1_0."description",
        l1_0."latitude",
        l1_0."longitude",
        l1_0."name",
        l1_0."opening_hours",
        l1_0."phone",
        l1_0."updated_at" 
    from
        "libraries" l1_0
15:56:22.630 [Thread-6] DEBUG o.s.s.w.a.AnonymousAuthenticationFilter - Set SecurityContextHolder to anonymous SecurityContext
15:56:22.631 [Thread-9] DEBUG o.s.s.w.a.AnonymousAuthenticationFilter - Set SecurityContextHolder to anonymous SecurityContext
15:56:22.631 [Thread-10] DEBUG org.hibernate.SQL - 
    select
        l1_0."id",
        l1_0."address",
        l1_0."created_at",
        l1_0."description",
        l1_0."latitude",
        l1_0."longitude",
        l1_0."name",
        l1_0."opening_hours",
        l1_0."phone",
        l1_0."updated_at" 
    from
        "libraries" l1_0
Hibernate: 
    select
        l1_0."id",
        l1_0."address",
        l1_0."created_at",
        l1_0."description",
        l1_0."latitude",
        l1_0."longitude",
        l1_0."name",
        l1_0."opening_hours",
        l1_0."phone",
        l1_0."updated_at" 
    from
        "libraries" l1_0
15:56:22.631 [Thread-11] DEBUG org.hibernate.SQL - 
    select
        l1_0."id",
        l1_0."address",
        l1_0."created_at",
        l1_0."description",
        l1_0."latitude",
        l1_0."longitude",
        l1_0."name",
        l1_0."opening_hours",
        l1_0."phone",
        l1_0."updated_at" 
    from
        "libraries" l1_0
Hibernate: 
    select
        l1_0."id",
        l1_0."address",
        l1_0."created_at",
        l1_0."description",
        l1_0."latitude",
        l1_0."longitude",
        l1_0."name",
        l1_0."opening_hours",
        l1_0."phone",
        l1_0."updated_at" 
    from
        "libraries" l1_0
15:56:22.632 [Thread-10] DEBUG o.s.s.w.a.AnonymousAuthenticationFilter - Set SecurityContextHolder to anonymous SecurityContext
15:56:22.632 [Thread-11] DEBUG o.s.s.w.a.AnonymousAuthenticationFilter - Set SecurityContextHolder to anonymous SecurityContext
15:56:22.632 [Thread-8] DEBUG org.hibernate.SQL - 
    select
        l1_0."id",
        l1_0."address",
        l1_0."created_at",
        l1_0."description",
        l1_0."latitude",
        l1_0."longitude",
        l1_0."name",
        l1_0."opening_hours",
        l1_0."phone",
        l1_0."updated_at" 
    from
        "libraries" l1_0
Hibernate: 
    select
        l1_0."id",
        l1_0."address",
        l1_0."created_at",
        l1_0."description",
        l1_0."latitude",
        l1_0."longitude",
        l1_0."name",
        l1_0."opening_hours",
        l1_0."phone",
        l1_0."updated_at" 
    from
        "libraries" l1_0
15:56:22.632 [Thread-14] DEBUG org.hibernate.SQL - 
    select
        l1_0."id",
        l1_0."address",
        l1_0."created_at",
        l1_0."description",
        l1_0."latitude",
        l1_0."longitude",
        l1_0."name",
        l1_0."opening_hours",
        l1_0."phone",
        l1_0."updated_at" 
    from
        "libraries" l1_0
Hibernate: 
    select
        l1_0."id",
        l1_0."address",
        l1_0."created_at",
        l1_0."description",
        l1_0."latitude",
        l1_0."longitude",
        l1_0."name",
        l1_0."opening_hours",
        l1_0."phone",
        l1_0."updated_at" 
    from
        "libraries" l1_0
15:56:22.633 [Thread-8] DEBUG o.s.s.w.a.AnonymousAuthenticationFilter - Set SecurityContextHolder to anonymous SecurityContext
15:56:22.633 [Thread-14] DEBUG o.s.s.w.a.AnonymousAuthenticationFilter - Set SecurityContextHolder to anonymous SecurityContext
15:56:22.636 [Test worker] DEBUG o.s.security.web.FilterChainProxy - Securing GET /api/libraries
15:56:22.636 [Test worker] DEBUG o.s.security.web.FilterChainProxy - Secured GET /api/libraries
15:56:22.636 [Test worker] DEBUG org.hibernate.SQL - 
    select
        l1_0."id",
        l1_0."address",
        l1_0."created_at",
        l1_0."description",
        l1_0."latitude",
        l1_0."longitude",
        l1_0."name",
        l1_0."opening_hours",
        l1_0."phone",
        l1_0."updated_at" 
    from
        "libraries" l1_0
Hibernate: 
    select
        l1_0."id",
        l1_0."address",
        l1_0."created_at",
        l1_0."description",
        l1_0."latitude",
        l1_0."longitude",
        l1_0."name",
        l1_0."opening_hours",
        l1_0."phone",
        l1_0."updated_at" 
    from
        "libraries" l1_0
15:56:22.637 [Test worker] DEBUG o.s.s.w.a.AnonymousAuthenticationFilter - Set SecurityContextHolder to anonymous SecurityContext
15:56:22.640 [Test worker] DEBUG o.s.security.web.FilterChainProxy - Securing GET /api/libraries/search
15:56:22.640 [Test worker] DEBUG o.s.security.web.FilterChainProxy - Secured GET /api/libraries/search
15:56:22.641 [Test worker] DEBUG org.hibernate.SQL - 
    select
        l1_0."id",
        l1_0."address",
        l1_0."created_at",
        l1_0."description",
        l1_0."latitude",
        l1_0."longitude",
        l1_0."name",
        l1_0."opening_hours",
        l1_0."phone",
        l1_0."updated_at" 
    from
        "libraries" l1_0 
    where
        upper(l1_0."address") like upper(?) escape '\'
Hibernate: 
    select
        l1_0."id",
        l1_0."address",
        l1_0."created_at",
        l1_0."description",
        l1_0."latitude",
        l1_0."longitude",
        l1_0."name",
        l1_0."opening_hours",
        l1_0."phone",
        l1_0."updated_at" 
    from
        "libraries" l1_0 
    where
        upper(l1_0."address") like upper(?) escape '\'
15:56:22.643 [Test worker] DEBUG o.s.s.w.a.AnonymousAuthenticationFilter - Set SecurityContextHolder to anonymous SecurityContext
15:56:22.645 [Test worker] DEBUG o.s.security.web.FilterChainProxy - Securing GET /api/libraries
15:56:22.645 [Test worker] DEBUG o.s.security.web.FilterChainProxy - Secured GET /api/libraries
15:56:22.645 [Test worker] DEBUG org.hibernate.SQL - 
    select
        l1_0."id",
        l1_0."address",
        l1_0."created_at",
        l1_0."description",
        l1_0."latitude",
        l1_0."longitude",
        l1_0."name",
        l1_0."opening_hours",
        l1_0."phone",
        l1_0."updated_at" 
    from
        "libraries" l1_0
Hibernate: 
    select
        l1_0."id",
        l1_0."address",
        l1_0."created_at",
        l1_0."description",
        l1_0."latitude",
        l1_0."longitude",
        l1_0."name",
        l1_0."opening_hours",
        l1_0."phone",
        l1_0."updated_at" 
    from
        "libraries" l1_0
15:56:22.646 [Test worker] DEBUG o.s.s.w.a.AnonymousAuthenticationFilter - Set SecurityContextHolder to anonymous SecurityContext
15:56:22.648 [Test worker] DEBUG o.s.security.web.FilterChainProxy - Securing GET /api/libraries/search
15:56:22.648 [Test worker] DEBUG o.s.security.web.FilterChainProxy - Secured GET /api/libraries/search
15:56:22.649 [Test worker] WARN  o.s.w.s.m.s.DefaultHandlerExceptionResolver - Resolved [org.springframework.web.method.annotation.MethodArgumentTypeMismatchException: Failed to convert value of type 'java.lang.String' to required type 'java.lang.Double'; For input string: "invalid"]
15:56:22.649 [Test worker] DEBUG o.s.s.w.a.AnonymousAuthenticationFilter - Set SecurityContextHolder to anonymous SecurityContext
15:56:22.650 [Test worker] DEBUG o.s.security.web.FilterChainProxy - Securing GET /api/libraries
15:56:22.650 [Test worker] DEBUG o.s.security.web.FilterChainProxy - Secured GET /api/libraries
15:56:22.651 [Test worker] DEBUG org.hibernate.SQL - 
    select
        l1_0."id",
        l1_0."address",
        l1_0."created_at",
        l1_0."description",
        l1_0."latitude",
        l1_0."longitude",
        l1_0."name",
        l1_0."opening_hours",
        l1_0."phone",
        l1_0."updated_at" 
    from
        "libraries" l1_0
Hibernate: 
    select
        l1_0."id",
        l1_0."address",
        l1_0."created_at",
        l1_0."description",
        l1_0."latitude",
        l1_0."longitude",
        l1_0."name",
        l1_0."opening_hours",
        l1_0."phone",
        l1_0."updated_at" 
    from
        "libraries" l1_0
15:56:22.652 [Test worker] DEBUG o.s.s.w.a.AnonymousAuthenticationFilter - Set SecurityContextHolder to anonymous SecurityContext
15:56:22.654 [Test worker] DEBUG o.s.security.web.FilterChainProxy - Securing GET /api/libraries/search
15:56:22.654 [Test worker] DEBUG o.s.security.web.FilterChainProxy - Secured GET /api/libraries/search
15:56:22.655 [Test worker] DEBUG org.hibernate.SQL - 
    select
        l1_0."id",
        l1_0."address",
        l1_0."created_at",
        l1_0."description",
        l1_0."latitude",
        l1_0."longitude",
        l1_0."name",
        l1_0."opening_hours",
        l1_0."phone",
        l1_0."updated_at" 
    from
        "libraries" l1_0
Hibernate: 
    select
        l1_0."id",
        l1_0."address",
        l1_0."created_at",
        l1_0."description",
        l1_0."latitude",
        l1_0."longitude",
        l1_0."name",
        l1_0."opening_hours",
        l1_0."phone",
        l1_0."updated_at" 
    from
        "libraries" l1_0
15:56:22.657 [Test worker] DEBUG o.s.s.w.a.AnonymousAuthenticationFilter - Set SecurityContextHolder to anonymous SecurityContext
15:56:22.660 [Test worker] DEBUG o.s.security.web.FilterChainProxy - Securing GET /api/libraries/search
15:56:22.660 [Test worker] DEBUG o.s.security.web.FilterChainProxy - Secured GET /api/libraries/search
15:56:22.661 [Test worker] DEBUG org.hibernate.SQL - 
    select
        l1_0."id",
        l1_0."address",
        l1_0."created_at",
        l1_0."description",
        l1_0."latitude",
        l1_0."longitude",
        l1_0."name",
        l1_0."opening_hours",
        l1_0."phone",
        l1_0."updated_at" 
    from
        "libraries" l1_0 
    where
        upper(l1_0."name") like upper(?) escape '\'
Hibernate: 
    select
        l1_0."id",
        l1_0."address",
        l1_0."created_at",
        l1_0."description",
        l1_0."latitude",
        l1_0."longitude",
        l1_0."name",
        l1_0."opening_hours",
        l1_0."phone",
        l1_0."updated_at" 
    from
        "libraries" l1_0 
    where
        upper(l1_0."name") like upper(?) escape '\'
15:56:22.661 [Test worker] DEBUG o.s.s.w.a.AnonymousAuthenticationFilter - Set SecurityContextHolder to anonymous SecurityContext
]]></system-out>
  <system-err><![CDATA[]]></system-err>
</testsuite>
